[0626/190519.340:ERROR:process_reader_win.cc(155)] SuspendThread: Access is denied. (0x5)
[0626/190519.342:ERROR:process_reader_win.cc(127)] NtOpenThread: {Access Denied} A process has requested access to an object, but has not been granted those access rights. (0xc0000022)
[0626/190519.346:ERROR:exception_snapshot_win.cc(99)] thread ID 3616 not found in process
[0626/190520.407:ERROR:process_reader_win.cc(155)] SuspendThread: Access is denied. (0x5)
[0626/190520.407:ERROR:process_reader_win.cc(155)] SuspendThread: Access is denied. (0x5)
[0626/190520.407:ERROR:process_reader_win.cc(155)] SuspendThread: Access is denied. (0x5)
[0626/190520.407:ERROR:process_reader_win.cc(155)] SuspendThread: Access is denied. (0x5)
[0626/190520.407:ERROR:process_reader_win.cc(155)] SuspendThread: Access is denied. (0x5)
[0626/190520.411:ERROR:process_reader_win.cc(155)] SuspendThread: Access is denied. (0x5)
[0626/190520.411:ERROR:process_reader_win.cc(155)] SuspendThread: Access is denied. (0x5)
[0626/190520.411:ERROR:process_reader_win.cc(155)] SuspendThread: Access is denied. (0x5)
[0626/190520.411:ERROR:process_reader_win.cc(155)] SuspendThread: Access is denied. (0x5)
[0626/190520.411:ERROR:process_reader_win.cc(155)] SuspendThread: Access is denied. (0x5)
[0626/190520.411:ERROR:process_reader_win.cc(155)] SuspendThread: Access is denied. (0x5)
[0626/190520.411:ERROR:process_reader_win.cc(155)] SuspendThread: Access is denied. (0x5)
[0626/190520.411:ERROR:process_reader_win.cc(155)] SuspendThread: Access is denied. (0x5)
[0626/190520.411:ERROR:process_reader_win.cc(155)] SuspendThread: Access is denied. (0x5)
[0626/190520.411:ERROR:process_reader_win.cc(127)] NtOpenThread: {Access Denied} A process has requested access to an object, but has not been granted those access rights. (0xc0000022)
[0626/190520.411:ERROR:exception_snapshot_win.cc(99)] thread ID 13504 not found in process
[0626/190520.642:ERROR:process_reader_win.cc(155)] SuspendThread: Access is denied. (0x5)
[0626/190520.643:ERROR:process_reader_win.cc(155)] SuspendThread: Access is denied. (0x5)
[0626/190520.643:ERROR:process_reader_win.cc(155)] SuspendThread: Access is denied. (0x5)
[0626/190520.643:ERROR:process_reader_win.cc(155)] SuspendThread: Access is denied. (0x5)
[0626/190520.643:ERROR:process_reader_win.cc(155)] SuspendThread: Access is denied. (0x5)
[0626/190520.643:ERROR:process_reader_win.cc(155)] SuspendThread: Access is denied. (0x5)
[0626/190520.643:ERROR:process_reader_win.cc(155)] SuspendThread: Access is denied. (0x5)
[0626/190520.643:ERROR:process_reader_win.cc(155)] SuspendThread: Access is denied. (0x5)
[0626/190520.643:ERROR:process_reader_win.cc(155)] SuspendThread: Access is denied. (0x5)
[0626/190520.643:ERROR:process_reader_win.cc(155)] SuspendThread: Access is denied. (0x5)
[0626/190520.643:ERROR:process_reader_win.cc(155)] SuspendThread: Access is denied. (0x5)
[0626/190520.643:ERROR:process_reader_win.cc(155)] SuspendThread: Access is denied. (0x5)
[0626/190520.643:ERROR:process_reader_win.cc(155)] SuspendThread: Access is denied. (0x5)
[0626/190520.643:ERROR:process_reader_win.cc(155)] SuspendThread: Access is denied. (0x5)
[0626/190520.643:ERROR:process_reader_win.cc(155)] SuspendThread: Access is denied. (0x5)
[0626/190520.643:ERROR:process_reader_win.cc(155)] SuspendThread: Access is denied. (0x5)
[0626/190520.643:ERROR:process_reader_win.cc(127)] NtOpenThread: {Access Denied} A process has requested access to an object, but has not been granted those access rights. (0xc0000022)
[0626/190520.643:ERROR:exception_snapshot_win.cc(99)] thread ID 19508 not found in process
[0702/105156.246:ERROR:process_reader_win.cc(155)] SuspendThread: Access is denied. (0x5)
[0702/105156.252:ERROR:process_reader_win.cc(127)] NtOpenThread: {Access Denied} A process has requested access to an object, but has not been granted those access rights. (0xc0000022)
[0702/105156.276:ERROR:exception_snapshot_win.cc(99)] thread ID 8124 not found in process
[0702/105156.724:ERROR:process_reader_win.cc(155)] SuspendThread: Access is denied. (0x5)
[0702/105156.724:ERROR:process_reader_win.cc(155)] SuspendThread: Access is denied. (0x5)
[0702/105156.724:ERROR:process_reader_win.cc(155)] SuspendThread: Access is denied. (0x5)
[0702/105156.724:ERROR:process_reader_win.cc(155)] SuspendThread: Access is denied. (0x5)
[0702/105156.724:ERROR:process_reader_win.cc(155)] SuspendThread: Access is denied. (0x5)
[0702/105156.724:ERROR:process_reader_win.cc(155)] SuspendThread: Access is denied. (0x5)
[0702/105156.724:ERROR:process_reader_win.cc(155)] SuspendThread: Access is denied. (0x5)
[0702/105156.724:ERROR:process_reader_win.cc(155)] SuspendThread: Access is denied. (0x5)
[0702/105156.724:ERROR:process_reader_win.cc(155)] SuspendThread: Access is denied. (0x5)
[0702/105156.724:ERROR:process_reader_win.cc(155)] SuspendThread: Access is denied. (0x5)
[0702/105156.725:ERROR:process_reader_win.cc(155)] SuspendThread: Access is denied. (0x5)
[0702/105156.725:ERROR:process_reader_win.cc(155)] SuspendThread: Access is denied. (0x5)
[0702/105156.725:ERROR:process_reader_win.cc(155)] SuspendThread: Access is denied. (0x5)
[0702/105156.725:ERROR:process_reader_win.cc(155)] SuspendThread: Access is denied. (0x5)
[0702/105156.725:ERROR:process_reader_win.cc(127)] NtOpenThread: {Access Denied} A process has requested access to an object, but has not been granted those access rights. (0xc0000022)
[0702/105156.725:ERROR:exception_snapshot_win.cc(99)] thread ID 9100 not found in process
[0702/105156.741:ERROR:process_reader_win.cc(155)] SuspendThread: Access is denied. (0x5)
[0702/105156.742:ERROR:process_reader_win.cc(155)] SuspendThread: Access is denied. (0x5)
[0702/105156.743:ERROR:process_reader_win.cc(155)] SuspendThread: Access is denied. (0x5)
[0702/105156.743:ERROR:process_reader_win.cc(155)] SuspendThread: Access is denied. (0x5)
[0702/105156.743:ERROR:process_reader_win.cc(155)] SuspendThread: Access is denied. (0x5)
[0702/105156.743:ERROR:process_reader_win.cc(155)] SuspendThread: Access is denied. (0x5)
[0702/105156.743:ERROR:process_reader_win.cc(155)] SuspendThread: Access is denied. (0x5)
[0702/105156.743:ERROR:process_reader_win.cc(155)] SuspendThread: Access is denied. (0x5)
[0702/105156.743:ERROR:process_reader_win.cc(155)] SuspendThread: Access is denied. (0x5)
[0702/105156.743:ERROR:process_reader_win.cc(155)] SuspendThread: Access is denied. (0x5)
[0702/105156.743:ERROR:process_reader_win.cc(155)] SuspendThread: Access is denied. (0x5)
[0702/105156.743:ERROR:process_reader_win.cc(155)] SuspendThread: Access is denied. (0x5)
[0702/105156.743:ERROR:process_reader_win.cc(155)] SuspendThread: Access is denied. (0x5)
[0702/105156.743:ERROR:process_reader_win.cc(155)] SuspendThread: Access is denied. (0x5)
[0702/105156.743:ERROR:process_reader_win.cc(155)] SuspendThread: Access is denied. (0x5)
[0702/105156.743:ERROR:process_reader_win.cc(155)] SuspendThread: Access is denied. (0x5)
[0702/105156.743:ERROR:process_reader_win.cc(127)] NtOpenThread: {Access Denied} A process has requested access to an object, but has not been granted those access rights. (0xc0000022)
[0702/105156.743:ERROR:exception_snapshot_win.cc(99)] thread ID 5564 not found in process
[0702/105158.641:ERROR:minidumpwritedump_with_crashpad_info.cc(435)] Failed to call MiniDumpWriteDump: Access is denied. (0x80070005)
[0702/105158.641:ERROR:minidumpwritedump_with_crashpad_info.cc(592)] Failed to write minidump file
[0702/105158.641:ERROR:crash_report_exception_handler.cc(132)] TryMiniDumpWriteDumpWithCrashpadInfo failed
[0702/105158.642:ERROR:process_memory_win.cc(73)] ReadMemory at 0x7ff693300000 of 64 bytes failed: Only part of a ReadProcessMemory or WriteProcessMemory request was completed. (0x12B)
[0702/105158.642:WARNING:pe_image_reader.cc(340)] could not read dos header from C:\Program Files (x86)\Microsoft\Edge\Application\msedge.exe
[0702/105158.642:ERROR:process_memory_win.cc(73)] ReadMemory at 0x7ffe4ec20000 of 64 bytes failed: Only part of a ReadProcessMemory or WriteProcessMemory request was completed. (0x12B)
[0702/105158.642:WARNING:pe_image_reader.cc(340)] could not read dos header from C:\WINDOWS\SYSTEM32\ntdll.dll
[0702/105158.642:ERROR:process_memory_win.cc(73)] ReadMemory at 0x7ffe4eb20000 of 64 bytes failed: Only part of a ReadProcessMemory or WriteProcessMemory request was completed. (0x12B)
[0702/105158.642:WARNING:pe_image_reader.cc(340)] could not read dos header from C:\WINDOWS\System32\KERNEL32.DLL
[0702/105158.642:ERROR:process_memory_win.cc(73)] ReadMemory at 0x7ffe4ca20000 of 64 bytes failed: Only part of a ReadProcessMemory or WriteProcessMemory request was completed. (0x12B)
[0702/105158.642:WARNING:pe_image_reader.cc(340)] could not read dos header from C:\WINDOWS\System32\KERNELBASE.dll
[0702/105158.643:ERROR:process_memory_win.cc(73)] ReadMemory at 0x7ffe0d6a0000 of 64 bytes failed: Only part of a ReadProcessMemory or WriteProcessMemory request was completed. (0x12B)
[0702/105158.643:WARNING:pe_image_reader.cc(340)] could not read dos header from C:\Program Files (x86)\Microsoft\Edge\Application\83.0.478.56\msedge_elf.dll
[0702/105158.643:ERROR:process_memory_win.cc(73)] ReadMemory at 0x7ffe4c630000 of 64 bytes failed: Only part of a ReadProcessMemory or WriteProcessMemory request was completed. (0x12B)
[0702/105158.643:WARNING:pe_image_reader.cc(340)] could not read dos header from C:\WINDOWS\System32\bcryptPrimitives.dll
[0702/105158.643:ERROR:process_memory_win.cc(73)] ReadMemory at 0x7ffe4dbe0000 of 64 bytes failed: Only part of a ReadProcessMemory or WriteProcessMemory request was completed. (0x12B)
[0702/105158.643:WARNING:pe_image_reader.cc(340)] could not read dos header from C:\WINDOWS\System32\ADVAPI32.dll
[0702/105158.643:ERROR:process_memory_win.cc(73)] ReadMemory at 0x7ffe4e990000 of 64 bytes failed: Only part of a ReadProcessMemory or WriteProcessMemory request was completed. (0x12B)
[0702/105158.643:WARNING:pe_image_reader.cc(340)] could not read dos header from C:\WINDOWS\System32\msvcrt.dll
[0702/105158.643:ERROR:process_memory_win.cc(73)] ReadMemory at 0x7ffe4d800000 of 64 bytes failed: Only part of a ReadProcessMemory or WriteProcessMemory request was completed. (0x12B)
[0702/105158.643:WARNING:pe_image_reader.cc(340)] could not read dos header from C:\WINDOWS\System32\sechost.dll
[0702/105158.643:ERROR:process_memory_win.cc(73)] ReadMemory at 0x7ffe4ccd0000 of 64 bytes failed: Only part of a ReadProcessMemory or WriteProcessMemory request was completed. (0x12B)
[0702/105158.643:WARNING:pe_image_reader.cc(340)] could not read dos header from C:\WINDOWS\System32\RPCRT4.dll
[0702/105158.643:ERROR:process_memory_win.cc(73)] ReadMemory at 0x7ffe4eab0000 of 64 bytes failed: Only part of a ReadProcessMemory or WriteProcessMemory request was completed. (0x12B)
[0702/105158.643:WARNING:pe_image_reader.cc(340)] could not read dos header from C:\WINDOWS\System32\WS2_32.dll
[0702/105158.643:ERROR:process_memory_win.cc(73)] ReadMemory at 0x7ffe4cff0000 of 64 bytes failed: Only part of a ReadProcessMemory or WriteProcessMemory request was completed. (0x12B)
[0702/105158.643:WARNING:pe_image_reader.cc(340)] could not read dos header from C:\WINDOWS\System32\OLEAUT32.dll
[0702/105158.643:ERROR:process_memory_win.cc(73)] ReadMemory at 0x7ffe4c6b0000 of 64 bytes failed: Only part of a ReadProcessMemory or WriteProcessMemory request was completed. (0x12B)
[0702/105158.643:WARNING:pe_image_reader.cc(340)] could not read dos header from C:\WINDOWS\System32\msvcp_win.dll
[0702/105158.643:ERROR:process_memory_win.cc(73)] ReadMemory at 0x7ffe4bbb0000 of 64 bytes failed: Only part of a ReadProcessMemory or WriteProcessMemory request was completed. (0x12B)
[0702/105158.643:WARNING:pe_image_reader.cc(340)] could not read dos header from C:\WINDOWS\System32\ucrtbase.dll
[0702/105158.643:ERROR:process_memory_win.cc(73)] ReadMemory at 0x7ffe4d8a0000 of 64 bytes failed: Only part of a ReadProcessMemory or WriteProcessMemory request was completed. (0x12B)
[0702/105158.643:WARNING:pe_image_reader.cc(340)] could not read dos header from C:\WINDOWS\System32\combase.dll
[0702/105158.643:ERROR:process_memory_win.cc(73)] ReadMemory at 0x7ffe4be50000 of 64 bytes failed: Only part of a ReadProcessMemory or WriteProcessMemory request was completed. (0x12B)
[0702/105158.643:WARNING:pe_image_reader.cc(340)] could not read dos header from C:\WINDOWS\System32\WINTRUST.dll
[0702/105158.643:ERROR:process_memory_win.cc(73)] ReadMemory at 0x7ffe4bb10000 of 64 bytes failed: Only part of a ReadProcessMemory or WriteProcessMemory request was completed. (0x12B)
[0702/105158.643:WARNING:pe_image_reader.cc(340)] could not read dos header from C:\WINDOWS\System32\MSASN1.dll
[0702/105158.643:ERROR:process_memory_win.cc(73)] ReadMemory at 0x7ffe4bd00000 of 64 bytes failed: Only part of a ReadProcessMemory or WriteProcessMemory request was completed. (0x12B)
[0702/105158.643:WARNING:pe_image_reader.cc(340)] could not read dos header from C:\WINDOWS\System32\CRYPT32.dll
[0702/105158.643:ERROR:process_memory_win.cc(73)] ReadMemory at 0x7ffe4b060000 of 64 bytes failed: Only part of a ReadProcessMemory or WriteProcessMemory request was completed. (0x12B)
[0702/105158.643:WARNING:pe_image_reader.cc(340)] could not read dos header from C:\WINDOWS\SYSTEM32\IPHLPAPI.DLL
[0702/105158.643:ERROR:process_memory_win.cc(73)] ReadMemory at 0x7ffe46a90000 of 64 bytes failed: Only part of a ReadProcessMemory or WriteProcessMemory request was completed. (0x12B)
[0702/105158.643:WARNING:pe_image_reader.cc(340)] could not read dos header from C:\WINDOWS\SYSTEM32\WINMM.dll
[0702/105158.643:ERROR:process_memory_win.cc(73)] ReadMemory at 0x7ffe3a310000 of 64 bytes failed: Only part of a ReadProcessMemory or WriteProcessMemory request was completed. (0x12B)
[0702/105158.643:WARNING:pe_image_reader.cc(340)] could not read dos header from C:\WINDOWS\SYSTEM32\Secur32.dll
[0702/105158.643:ERROR:process_memory_win.cc(73)] ReadMemory at 0x7ffe4b9d0000 of 64 bytes failed: Only part of a ReadProcessMemory or WriteProcessMemory request was completed. (0x12B)
[0702/105158.644:WARNING:pe_image_reader.cc(340)] could not read dos header from C:\WINDOWS\SYSTEM32\USERENV.dll
[0702/105158.644:ERROR:process_memory_win.cc(73)] ReadMemory at 0x7ffe4bb30000 of 64 bytes failed: Only part of a ReadProcessMemory or WriteProcessMemory request was completed. (0x12B)
[0702/105158.644:WARNING:pe_image_reader.cc(340)] could not read dos header from C:\WINDOWS\System32\profapi.dll
[0702/105158.644:ERROR:process_memory_win.cc(73)] ReadMemory at 0x7ffe1cea0000 of 64 bytes failed: Only part of a ReadProcessMemory or WriteProcessMemory request was completed. (0x12B)
[0702/105158.644:WARNING:pe_image_reader.cc(340)] could not read dos header from C:\WINDOWS\SYSTEM32\UIAutomationCore.DLL
[0702/105158.644:ERROR:process_memory_win.cc(73)] ReadMemory at 0x7ffe41ec0000 of 64 bytes failed: Only part of a ReadProcessMemory or WriteProcessMemory request was completed. (0x12B)
[0702/105158.644:WARNING:pe_image_reader.cc(340)] could not read dos header from C:\WINDOWS\SYSTEM32\WINHTTP.dll
[0702/105158.644:ERROR:process_memory_win.cc(73)] ReadMemory at 0x7ffe2a5e0000 of 64 bytes failed: Only part of a ReadProcessMemory or WriteProcessMemory request was completed. (0x12B)
[0702/105158.644:WARNING:pe_image_reader.cc(340)] could not read dos header from C:\WINDOWS\SYSTEM32\DWrite.dll
[0702/105158.644:ERROR:process_memory_win.cc(73)] ReadMemory at 0x7ffe3d3c0000 of 64 bytes failed: Only part of a ReadProcessMemory or WriteProcessMemory request was completed. (0x12B)
[0702/105158.644:WARNING:pe_image_reader.cc(340)] could not read dos header from C:\WINDOWS\SYSTEM32\WINSPOOL.DRV
[0702/105158.644:ERROR:process_memory_win.cc(73)] ReadMemory at 0x7ffe4baf0000 of 64 bytes failed: Only part of a ReadProcessMemory or WriteProcessMemory request was completed. (0x12B)
[0702/105158.644:WARNING:pe_image_reader.cc(340)] could not read dos header from C:\WINDOWS\System32\kernel.appcore.dll
[0702/105158.644:ERROR:process_memory_win.cc(73)] ReadMemory at 0x7ffe4c830000 of 64 bytes failed: Only part of a ReadProcessMemory or WriteProcessMemory request was completed. (0x12B)
[0702/105158.644:WARNING:pe_image_reader.cc(340)] could not read dos header from C:\WINDOWS\System32\bcrypt.dll
[0702/105158.644:ERROR:process_memory_win.cc(73)] ReadMemory at 0x7ffe4a3d0000 of 64 bytes failed: Only part of a ReadProcessMemory or WriteProcessMemory request was completed. (0x12B)
[0702/105158.644:WARNING:pe_image_reader.cc(340)] could not read dos header from C:\WINDOWS\SYSTEM32\dbghelp.dll
[0702/105158.644:ERROR:process_memory_win.cc(73)] ReadMemory at 0x7ffe41da0000 of 64 bytes failed: Only part of a ReadProcessMemory or WriteProcessMemory request was completed. (0x12B)
[0702/105158.644:WARNING:pe_image_reader.cc(340)] could not read dos header from C:\WINDOWS\SYSTEM32\dhcpcsvc.DLL
[0702/105158.644:ERROR:process_memory_win.cc(73)] ReadMemory at 0x7ffe4e070000 of 64 bytes failed: Only part of a ReadProcessMemory or WriteProcessMemory request was completed. (0x12B)
[0702/105158.644:WARNING:pe_image_reader.cc(340)] could not read dos header from C:\WINDOWS\System32\NSI.dll
[0702/105158.644:ERROR:process_memory_win.cc(73)] ReadMemory at 0x7ffe46a60000 of 64 bytes failed: Only part of a ReadProcessMemory or WriteProcessMemory request was completed. (0x12B)
[0702/105158.644:WARNING:pe_image_reader.cc(340)] could not read dos header from C:\WINDOWS\SYSTEM32\WINMMBASE.dll
[0702/105158.644:ERROR:process_memory_win.cc(73)] ReadMemory at 0x7ffe4bcb0000 of 64 bytes failed: Only part of a ReadProcessMemory or WriteProcessMemory request was completed. (0x12B)
[0702/105158.644:WARNING:pe_image_reader.cc(340)] could not read dos header from C:\WINDOWS\System32\cfgmgr32.dll
[0702/105158.644:ERROR:process_memory_win.cc(73)] ReadMemory at 0x7ffe496c0000 of 64 bytes failed: Only part of a ReadProcessMemory or WriteProcessMemory request was completed. (0x12B)
[0702/105158.644:WARNING:pe_image_reader.cc(340)] could not read dos header from C:\WINDOWS\SYSTEM32\PROPSYS.dll
[0702/105158.644:ERROR:process_memory_win.cc(73)] ReadMemory at 0x7ffe4e550000 of 64 bytes failed: Only part of a ReadProcessMemory or WriteProcessMemory request was completed. (0x12B)
[0702/105158.644:WARNING:pe_image_reader.cc(340)] could not read dos header from C:\WINDOWS\System32\shcore.dll
[0702/105158.644:ERROR:process_memory_win.cc(73)] ReadMemory at 0x7ffe4ba00000 of 64 bytes failed: Only part of a ReadProcessMemory or WriteProcessMemory request was completed. (0x12B)
[0702/105158.644:WARNING:pe_image_reader.cc(340)] could not read dos header from C:\WINDOWS\SYSTEM32\SSPICLI.DLL
[0702/105158.644:ERROR:process_memory_win.cc(73)] ReadMemory at 0x7ffe4b520000 of 64 bytes failed: Only part of a ReadProcessMemory or WriteProcessMemory request was completed. (0x12B)
[0702/105158.644:WARNING:pe_image_reader.cc(340)] could not read dos header from C:\WINDOWS\SYSTEM32\CRYPTBASE.DLL
[0702/105158.645:ERROR:process_memory_win.cc(73)] ReadMemory at 0x7ff693300000 of 64 bytes failed: Only part of a ReadProcessMemory or WriteProcessMemory request was completed. (0x12B)
[0702/105158.645:WARNING:pe_image_reader.cc(340)] could not read dos header from C:\Program Files (x86)\Microsoft\Edge\Application\msedge.exe
[0702/105158.645:ERROR:process_memory_win.cc(73)] ReadMemory at 0x7ff693300000 of 64 bytes failed: Only part of a ReadProcessMemory or WriteProcessMemory request was completed. (0x12B)
[0702/105158.645:WARNING:pe_image_reader.cc(340)] could not read dos header from C:\Program Files (x86)\Microsoft\Edge\Application\msedge.exe
[0702/105158.645:ERROR:process_memory_win.cc(73)] ReadMemory at 0x7ffe4ec20000 of 64 bytes failed: Only part of a ReadProcessMemory or WriteProcessMemory request was completed. (0x12B)
[0702/105158.645:WARNING:pe_image_reader.cc(340)] could not read dos header from C:\WINDOWS\SYSTEM32\ntdll.dll
[0702/105158.645:ERROR:process_memory_win.cc(73)] ReadMemory at 0x7ffe4ec20000 of 64 bytes failed: Only part of a ReadProcessMemory or WriteProcessMemory request was completed. (0x12B)
[0702/105158.645:WARNING:pe_image_reader.cc(340)] could not read dos header from C:\WINDOWS\SYSTEM32\ntdll.dll
[0702/105158.645:ERROR:process_memory_win.cc(73)] ReadMemory at 0x7ffe4eb20000 of 64 bytes failed: Only part of a ReadProcessMemory or WriteProcessMemory request was completed. (0x12B)
[0702/105158.645:WARNING:pe_image_reader.cc(340)] could not read dos header from C:\WINDOWS\System32\KERNEL32.DLL
[0702/105158.645:ERROR:process_memory_win.cc(73)] ReadMemory at 0x7ffe4eb20000 of 64 bytes failed: Only part of a ReadProcessMemory or WriteProcessMemory request was completed. (0x12B)
[0702/105158.645:WARNING:pe_image_reader.cc(340)] could not read dos header from C:\WINDOWS\System32\KERNEL32.DLL
[0702/105158.645:ERROR:process_memory_win.cc(73)] ReadMemory at 0x7ffe4ca20000 of 64 bytes failed: Only part of a ReadProcessMemory or WriteProcessMemory request was completed. (0x12B)
[0702/105158.645:WARNING:pe_image_reader.cc(340)] could not read dos header from C:\WINDOWS\System32\KERNELBASE.dll
[0702/105158.645:ERROR:process_memory_win.cc(73)] ReadMemory at 0x7ffe4ca20000 of 64 bytes failed: Only part of a ReadProcessMemory or WriteProcessMemory request was completed. (0x12B)
[0702/105158.645:WARNING:pe_image_reader.cc(340)] could not read dos header from C:\WINDOWS\System32\KERNELBASE.dll
[0702/105158.645:ERROR:process_memory_win.cc(73)] ReadMemory at 0x7ffe0d6a0000 of 64 bytes failed: Only part of a ReadProcessMemory or WriteProcessMemory request was completed. (0x12B)
[0702/105158.645:WARNING:pe_image_reader.cc(340)] could not read dos header from C:\Program Files (x86)\Microsoft\Edge\Application\83.0.478.56\msedge_elf.dll
[0702/105158.645:ERROR:process_memory_win.cc(73)] ReadMemory at 0x7ffe0d6a0000 of 64 bytes failed: Only part of a ReadProcessMemory or WriteProcessMemory request was completed. (0x12B)
[0702/105158.645:WARNING:pe_image_reader.cc(340)] could not read dos header from C:\Program Files (x86)\Microsoft\Edge\Application\83.0.478.56\msedge_elf.dll
[0702/105158.645:ERROR:process_memory_win.cc(73)] ReadMemory at 0x7ffe4c630000 of 64 bytes failed: Only part of a ReadProcessMemory or WriteProcessMemory request was completed. (0x12B)
[0702/105158.645:WARNING:pe_image_reader.cc(340)] could not read dos header from C:\WINDOWS\System32\bcryptPrimitives.dll
[0702/105158.645:ERROR:process_memory_win.cc(73)] ReadMemory at 0x7ffe4c630000 of 64 bytes failed: Only part of a ReadProcessMemory or WriteProcessMemory request was completed. (0x12B)
[0702/105158.645:WARNING:pe_image_reader.cc(340)] could not read dos header from C:\WINDOWS\System32\bcryptPrimitives.dll
[0702/105158.645:ERROR:process_memory_win.cc(73)] ReadMemory at 0x7ffe4dbe0000 of 64 bytes failed: Only part of a ReadProcessMemory or WriteProcessMemory request was completed. (0x12B)
[0702/105158.645:WARNING:pe_image_reader.cc(340)] could not read dos header from C:\WINDOWS\System32\ADVAPI32.dll
[0702/105158.645:ERROR:process_memory_win.cc(73)] ReadMemory at 0x7ffe4dbe0000 of 64 bytes failed: Only part of a ReadProcessMemory or WriteProcessMemory request was completed. (0x12B)
[0702/105158.645:WARNING:pe_image_reader.cc(340)] could not read dos header from C:\WINDOWS\System32\ADVAPI32.dll
[0702/105158.645:ERROR:process_memory_win.cc(73)] ReadMemory at 0x7ffe4e990000 of 64 bytes failed: Only part of a ReadProcessMemory or WriteProcessMemory request was completed. (0x12B)
[0702/105158.645:WARNING:pe_image_reader.cc(340)] could not read dos header from C:\WINDOWS\System32\msvcrt.dll
[0702/105158.645:ERROR:process_memory_win.cc(73)] ReadMemory at 0x7ffe4e990000 of 64 bytes failed: Only part of a ReadProcessMemory or WriteProcessMemory request was completed. (0x12B)
[0702/105158.646:WARNING:pe_image_reader.cc(340)] could not read dos header from C:\WINDOWS\System32\msvcrt.dll
[0702/105158.646:ERROR:process_memory_win.cc(73)] ReadMemory at 0x7ffe4d800000 of 64 bytes failed: Only part of a ReadProcessMemory or WriteProcessMemory request was completed. (0x12B)
[0702/105158.646:WARNING:pe_image_reader.cc(340)] could not read dos header from C:\WINDOWS\System32\sechost.dll
[0702/105158.646:ERROR:process_memory_win.cc(73)] ReadMemory at 0x7ffe4d800000 of 64 bytes failed: Only part of a ReadProcessMemory or WriteProcessMemory request was completed. (0x12B)
[0702/105158.646:WARNING:pe_image_reader.cc(340)] could not read dos header from C:\WINDOWS\System32\sechost.dll
[0702/105158.646:ERROR:process_memory_win.cc(73)] ReadMemory at 0x7ffe4ccd0000 of 64 bytes failed: Only part of a ReadProcessMemory or WriteProcessMemory request was completed. (0x12B)
[0702/105158.646:WARNING:pe_image_reader.cc(340)] could not read dos header from C:\WINDOWS\System32\RPCRT4.dll
[0702/105158.646:ERROR:process_memory_win.cc(73)] ReadMemory at 0x7ffe4ccd0000 of 64 bytes failed: Only part of a ReadProcessMemory or WriteProcessMemory request was completed. (0x12B)
[0702/105158.646:WARNING:pe_image_reader.cc(340)] could not read dos header from C:\WINDOWS\System32\RPCRT4.dll
[0702/105158.646:ERROR:process_memory_win.cc(73)] ReadMemory at 0x7ffde6ff0000 of 64 bytes failed: Only part of a ReadProcessMemory or WriteProcessMemory request was completed. (0x12B)
[0702/105158.646:WARNING:pe_image_reader.cc(340)] could not read dos header from C:\Program Files (x86)\Microsoft\Edge\Application\83.0.478.56\msedge.dll
[0702/105158.646:ERROR:process_memory_win.cc(73)] ReadMemory at 0x7ffde6ff0000 of 64 bytes failed: Only part of a ReadProcessMemory or WriteProcessMemory request was completed. (0x12B)
[0702/105158.646:WARNING:pe_image_reader.cc(340)] could not read dos header from C:\Program Files (x86)\Microsoft\Edge\Application\83.0.478.56\msedge.dll
[0702/105158.646:ERROR:process_memory_win.cc(73)] ReadMemory at 0x7ffe4eab0000 of 64 bytes failed: Only part of a ReadProcessMemory or WriteProcessMemory request was completed. (0x12B)
[0702/105158.646:WARNING:pe_image_reader.cc(340)] could not read dos header from C:\WINDOWS\System32\WS2_32.dll
[0702/105158.646:ERROR:process_memory_win.cc(73)] ReadMemory at 0x7ffe4eab0000 of 64 bytes failed: Only part of a ReadProcessMemory or WriteProcessMemory request was completed. (0x12B)
[0702/105158.646:WARNING:pe_image_reader.cc(340)] could not read dos header from C:\WINDOWS\System32\WS2_32.dll
[0702/105158.646:ERROR:process_memory_win.cc(73)] ReadMemory at 0x7ffe4cff0000 of 64 bytes failed: Only part of a ReadProcessMemory or WriteProcessMemory request was completed. (0x12B)
[0702/105158.646:WARNING:pe_image_reader.cc(340)] could not read dos header from C:\WINDOWS\System32\OLEAUT32.dll
[0702/105158.646:ERROR:process_memory_win.cc(73)] ReadMemory at 0x7ffe4cff0000 of 64 bytes failed: Only part of a ReadProcessMemory or WriteProcessMemory request was completed. (0x12B)
[0702/105158.646:WARNING:pe_image_reader.cc(340)] could not read dos header from C:\WINDOWS\System32\OLEAUT32.dll
[0702/105158.646:ERROR:process_memory_win.cc(73)] ReadMemory at 0x7ffe4c6b0000 of 64 bytes failed: Only part of a ReadProcessMemory or WriteProcessMemory request was completed. (0x12B)
[0702/105158.646:WARNING:pe_image_reader.cc(340)] could not read dos header from C:\WINDOWS\System32\msvcp_win.dll
[0702/105158.646:ERROR:process_memory_win.cc(73)] ReadMemory at 0x7ffe4c6b0000 of 64 bytes failed: Only part of a ReadProcessMemory or WriteProcessMemory request was completed. (0x12B)
[0702/105158.646:WARNING:pe_image_reader.cc(340)] could not read dos header from C:\WINDOWS\System32\msvcp_win.dll
[0702/105158.646:ERROR:process_memory_win.cc(73)] ReadMemory at 0x7ffe4bbb0000 of 64 bytes failed: Only part of a ReadProcessMemory or WriteProcessMemory request was completed. (0x12B)
[0702/105158.646:WARNING:pe_image_reader.cc(340)] could not read dos header from C:\WINDOWS\System32\ucrtbase.dll
[0702/105158.646:ERROR:process_memory_win.cc(73)] ReadMemory at 0x7ffe4bbb0000 of 64 bytes failed: Only part of a ReadProcessMemory or WriteProcessMemory request was completed. (0x12B)
[0702/105158.646:WARNING:pe_image_reader.cc(340)] could not read dos header from C:\WINDOWS\System32\ucrtbase.dll
[0702/105158.646:ERROR:process_memory_win.cc(73)] ReadMemory at 0x7ffe4d8a0000 of 64 bytes failed: Only part of a ReadProcessMemory or WriteProcessMemory request was completed. (0x12B)
[0702/105158.646:WARNING:pe_image_reader.cc(340)] could not read dos header from C:\WINDOWS\System32\combase.dll
[0702/105158.646:ERROR:process_memory_win.cc(73)] ReadMemory at 0x7ffe4d8a0000 of 64 bytes failed: Only part of a ReadProcessMemory or WriteProcessMemory request was completed. (0x12B)
[0702/105158.646:WARNING:pe_image_reader.cc(340)] could not read dos header from C:\WINDOWS\System32\combase.dll
[0702/105158.646:ERROR:process_memory_win.cc(73)] ReadMemory at 0x7ffe4be50000 of 64 bytes failed: Only part of a ReadProcessMemory or WriteProcessMemory request was completed. (0x12B)
[0702/105158.646:WARNING:pe_image_reader.cc(340)] could not read dos header from C:\WINDOWS\System32\WINTRUST.dll
[0702/105158.647:ERROR:process_memory_win.cc(73)] ReadMemory at 0x7ffe4be50000 of 64 bytes failed: Only part of a ReadProcessMemory or WriteProcessMemory request was completed. (0x12B)
[0702/105158.647:WARNING:pe_image_reader.cc(340)] could not read dos header from C:\WINDOWS\System32\WINTRUST.dll
[0702/105158.647:ERROR:process_memory_win.cc(73)] ReadMemory at 0x7ffe4bb10000 of 64 bytes failed: Only part of a ReadProcessMemory or WriteProcessMemory request was completed. (0x12B)
[0702/105158.647:WARNING:pe_image_reader.cc(340)] could not read dos header from C:\WINDOWS\System32\MSASN1.dll
[0702/105158.647:ERROR:process_memory_win.cc(73)] ReadMemory at 0x7ffe4bb10000 of 64 bytes failed: Only part of a ReadProcessMemory or WriteProcessMemory request was completed. (0x12B)
[0702/105158.647:WARNING:pe_image_reader.cc(340)] could not read dos header from C:\WINDOWS\System32\MSASN1.dll
[0702/105158.647:ERROR:process_memory_win.cc(73)] ReadMemory at 0x7ffe4bd00000 of 64 bytes failed: Only part of a ReadProcessMemory or WriteProcessMemory request was completed. (0x12B)
[0702/105158.647:WARNING:pe_image_reader.cc(340)] could not read dos header from C:\WINDOWS\System32\CRYPT32.dll
[0702/105158.647:ERROR:process_memory_win.cc(73)] ReadMemory at 0x7ffe4bd00000 of 64 bytes failed: Only part of a ReadProcessMemory or WriteProcessMemory request was completed. (0x12B)
[0702/105158.647:WARNING:pe_image_reader.cc(340)] could not read dos header from C:\WINDOWS\System32\CRYPT32.dll
[0702/105158.647:ERROR:process_memory_win.cc(73)] ReadMemory at 0x7ffe4b060000 of 64 bytes failed: Only part of a ReadProcessMemory or WriteProcessMemory request was completed. (0x12B)
[0702/105158.647:WARNING:pe_image_reader.cc(340)] could not read dos header from C:\WINDOWS\SYSTEM32\IPHLPAPI.DLL
[0702/105158.647:ERROR:process_memory_win.cc(73)] ReadMemory at 0x7ffe4b060000 of 64 bytes failed: Only part of a ReadProcessMemory or WriteProcessMemory request was completed. (0x12B)
[0702/105158.647:WARNING:pe_image_reader.cc(340)] could not read dos header from C:\WINDOWS\SYSTEM32\IPHLPAPI.DLL
[0702/105158.647:ERROR:process_memory_win.cc(73)] ReadMemory at 0x7ffe46a90000 of 64 bytes failed: Only part of a ReadProcessMemory or WriteProcessMemory request was completed. (0x12B)
[0702/105158.647:WARNING:pe_image_reader.cc(340)] could not read dos header from C:\WINDOWS\SYSTEM32\WINMM.dll
[0702/105158.647:ERROR:process_memory_win.cc(73)] ReadMemory at 0x7ffe46a90000 of 64 bytes failed: Only part of a ReadProcessMemory or WriteProcessMemory request was completed. (0x12B)
[0702/105158.647:WARNING:pe_image_reader.cc(340)] could not read dos header from C:\WINDOWS\SYSTEM32\WINMM.dll
[0702/105158.647:ERROR:process_memory_win.cc(73)] ReadMemory at 0x7ffe3a310000 of 64 bytes failed: Only part of a ReadProcessMemory or WriteProcessMemory request was completed. (0x12B)
[0702/105158.647:WARNING:pe_image_reader.cc(340)] could not read dos header from C:\WINDOWS\SYSTEM32\Secur32.dll
[0702/105158.647:ERROR:process_memory_win.cc(73)] ReadMemory at 0x7ffe3a310000 of 64 bytes failed: Only part of a ReadProcessMemory or WriteProcessMemory request was completed. (0x12B)
[0702/105158.647:WARNING:pe_image_reader.cc(340)] could not read dos header from C:\WINDOWS\SYSTEM32\Secur32.dll
[0702/105158.647:ERROR:process_memory_win.cc(73)] ReadMemory at 0x7ffe4b9d0000 of 64 bytes failed: Only part of a ReadProcessMemory or WriteProcessMemory request was completed. (0x12B)
[0702/105158.647:WARNING:pe_image_reader.cc(340)] could not read dos header from C:\WINDOWS\SYSTEM32\USERENV.dll
[0702/105158.647:ERROR:process_memory_win.cc(73)] ReadMemory at 0x7ffe4b9d0000 of 64 bytes failed: Only part of a ReadProcessMemory or WriteProcessMemory request was completed. (0x12B)
[0702/105158.647:WARNING:pe_image_reader.cc(340)] could not read dos header from C:\WINDOWS\SYSTEM32\USERENV.dll
[0702/105158.647:ERROR:process_memory_win.cc(73)] ReadMemory at 0x7ffe4bb30000 of 64 bytes failed: Only part of a ReadProcessMemory or WriteProcessMemory request was completed. (0x12B)
[0702/105158.647:WARNING:pe_image_reader.cc(340)] could not read dos header from C:\WINDOWS\System32\profapi.dll
[0702/105158.647:ERROR:process_memory_win.cc(73)] ReadMemory at 0x7ffe4bb30000 of 64 bytes failed: Only part of a ReadProcessMemory or WriteProcessMemory request was completed. (0x12B)
[0702/105158.647:WARNING:pe_image_reader.cc(340)] could not read dos header from C:\WINDOWS\System32\profapi.dll
[0702/105158.648:ERROR:process_memory_win.cc(73)] ReadMemory at 0x7ffe1cea0000 of 64 bytes failed: Only part of a ReadProcessMemory or WriteProcessMemory request was completed. (0x12B)
[0702/105158.648:WARNING:pe_image_reader.cc(340)] could not read dos header from C:\WINDOWS\SYSTEM32\UIAutomationCore.DLL
[0702/105158.648:ERROR:process_memory_win.cc(73)] ReadMemory at 0x7ffe1cea0000 of 64 bytes failed: Only part of a ReadProcessMemory or WriteProcessMemory request was completed. (0x12B)
[0702/105158.648:WARNING:pe_image_reader.cc(340)] could not read dos header from C:\WINDOWS\SYSTEM32\UIAutomationCore.DLL
[0702/105158.648:ERROR:process_memory_win.cc(73)] ReadMemory at 0x7ffe41ec0000 of 64 bytes failed: Only part of a ReadProcessMemory or WriteProcessMemory request was completed. (0x12B)
[0702/105158.648:WARNING:pe_image_reader.cc(340)] could not read dos header from C:\WINDOWS\SYSTEM32\WINHTTP.dll
[0702/105158.648:ERROR:process_memory_win.cc(73)] ReadMemory at 0x7ffe41ec0000 of 64 bytes failed: Only part of a ReadProcessMemory or WriteProcessMemory request was completed. (0x12B)
[0702/105158.648:WARNING:pe_image_reader.cc(340)] could not read dos header from C:\WINDOWS\SYSTEM32\WINHTTP.dll
[0702/105158.648:ERROR:process_memory_win.cc(73)] ReadMemory at 0x7ffe2a5e0000 of 64 bytes failed: Only part of a ReadProcessMemory or WriteProcessMemory request was completed. (0x12B)
[0702/105158.648:WARNING:pe_image_reader.cc(340)] could not read dos header from C:\WINDOWS\SYSTEM32\DWrite.dll
[0702/105158.648:ERROR:process_memory_win.cc(73)] ReadMemory at 0x7ffe2a5e0000 of 64 bytes failed: Only part of a ReadProcessMemory or WriteProcessMemory request was completed. (0x12B)
[0702/105158.648:WARNING:pe_image_reader.cc(340)] could not read dos header from C:\WINDOWS\SYSTEM32\DWrite.dll
[0702/105158.648:ERROR:process_memory_win.cc(73)] ReadMemory at 0x7ffe3d3c0000 of 64 bytes failed: Only part of a ReadProcessMemory or WriteProcessMemory request was completed. (0x12B)
[0702/105158.648:WARNING:pe_image_reader.cc(340)] could not read dos header from C:\WINDOWS\SYSTEM32\WINSPOOL.DRV
[0702/105158.648:ERROR:process_memory_win.cc(73)] ReadMemory at 0x7ffe3d3c0000 of 64 bytes failed: Only part of a ReadProcessMemory or WriteProcessMemory request was completed. (0x12B)
[0702/105158.648:WARNING:pe_image_reader.cc(340)] could not read dos header from C:\WINDOWS\SYSTEM32\WINSPOOL.DRV
[0702/105158.648:ERROR:process_memory_win.cc(73)] ReadMemory at 0x7ffe4baf0000 of 64 bytes failed: Only part of a ReadProcessMemory or WriteProcessMemory request was completed. (0x12B)
[0702/105158.648:WARNING:pe_image_reader.cc(340)] could not read dos header from C:\WINDOWS\System32\kernel.appcore.dll
[0702/105158.648:ERROR:process_memory_win.cc(73)] ReadMemory at 0x7ffe4baf0000 of 64 bytes failed: Only part of a ReadProcessMemory or WriteProcessMemory request was completed. (0x12B)
[0702/105158.648:WARNING:pe_image_reader.cc(340)] could not read dos header from C:\WINDOWS\System32\kernel.appcore.dll
[0702/105158.648:ERROR:process_memory_win.cc(73)] ReadMemory at 0x7ffe4c830000 of 64 bytes failed: Only part of a ReadProcessMemory or WriteProcessMemory request was completed. (0x12B)
[0702/105158.648:WARNING:pe_image_reader.cc(340)] could not read dos header from C:\WINDOWS\System32\bcrypt.dll
[0702/105158.648:ERROR:process_memory_win.cc(73)] ReadMemory at 0x7ffe4c830000 of 64 bytes failed: Only part of a ReadProcessMemory or WriteProcessMemory request was completed. (0x12B)
[0702/105158.648:WARNING:pe_image_reader.cc(340)] could not read dos header from C:\WINDOWS\System32\bcrypt.dll
[0702/105158.648:ERROR:process_memory_win.cc(73)] ReadMemory at 0x7ffe4a3d0000 of 64 bytes failed: Only part of a ReadProcessMemory or WriteProcessMemory request was completed. (0x12B)
[0702/105158.648:WARNING:pe_image_reader.cc(340)] could not read dos header from C:\WINDOWS\SYSTEM32\dbghelp.dll
[0702/105158.648:ERROR:process_memory_win.cc(73)] ReadMemory at 0x7ffe4a3d0000 of 64 bytes failed: Only part of a ReadProcessMemory or WriteProcessMemory request was completed. (0x12B)
[0702/105158.648:WARNING:pe_image_reader.cc(340)] could not read dos header from C:\WINDOWS\SYSTEM32\dbghelp.dll
[0702/105158.648:ERROR:process_memory_win.cc(73)] ReadMemory at 0x7ffe41da0000 of 64 bytes failed: Only part of a ReadProcessMemory or WriteProcessMemory request was completed. (0x12B)
[0702/105158.648:WARNING:pe_image_reader.cc(340)] could not read dos header from C:\WINDOWS\SYSTEM32\dhcpcsvc.DLL
[0702/105158.648:ERROR:process_memory_win.cc(73)] ReadMemory at 0x7ffe41da0000 of 64 bytes failed: Only part of a ReadProcessMemory or WriteProcessMemory request was completed. (0x12B)
[0702/105158.648:WARNING:pe_image_reader.cc(340)] could not read dos header from C:\WINDOWS\SYSTEM32\dhcpcsvc.DLL
[0702/105158.648:ERROR:process_memory_win.cc(73)] ReadMemory at 0x7ffe4e070000 of 64 bytes failed: Only part of a ReadProcessMemory or WriteProcessMemory request was completed. (0x12B)
[0702/105158.648:WARNING:pe_image_reader.cc(340)] could not read dos header from C:\WINDOWS\System32\NSI.dll
[0702/105158.648:ERROR:process_memory_win.cc(73)] ReadMemory at 0x7ffe4e070000 of 64 bytes failed: Only part of a ReadProcessMemory or WriteProcessMemory request was completed. (0x12B)
[0702/105158.649:WARNING:pe_image_reader.cc(340)] could not read dos header from C:\WINDOWS\System32\NSI.dll
[0702/105158.649:ERROR:process_memory_win.cc(73)] ReadMemory at 0x7ffe46a60000 of 64 bytes failed: Only part of a ReadProcessMemory or WriteProcessMemory request was completed. (0x12B)
[0702/105158.649:WARNING:pe_image_reader.cc(340)] could not read dos header from C:\WINDOWS\SYSTEM32\WINMMBASE.dll
[0702/105158.649:ERROR:process_memory_win.cc(73)] ReadMemory at 0x7ffe46a60000 of 64 bytes failed: Only part of a ReadProcessMemory or WriteProcessMemory request was completed. (0x12B)
[0702/105158.649:WARNING:pe_image_reader.cc(340)] could not read dos header from C:\WINDOWS\SYSTEM32\WINMMBASE.dll
[0702/105158.649:ERROR:process_memory_win.cc(73)] ReadMemory at 0x7ffe4bcb0000 of 64 bytes failed: Only part of a ReadProcessMemory or WriteProcessMemory request was completed. (0x12B)
[0702/105158.649:WARNING:pe_image_reader.cc(340)] could not read dos header from C:\WINDOWS\System32\cfgmgr32.dll
[0702/105158.649:ERROR:process_memory_win.cc(73)] ReadMemory at 0x7ffe4bcb0000 of 64 bytes failed: Only part of a ReadProcessMemory or WriteProcessMemory request was completed. (0x12B)
[0702/105158.649:WARNING:pe_image_reader.cc(340)] could not read dos header from C:\WINDOWS\System32\cfgmgr32.dll
[0702/105158.649:ERROR:process_memory_win.cc(73)] ReadMemory at 0x7ffe496c0000 of 64 bytes failed: Only part of a ReadProcessMemory or WriteProcessMemory request was completed. (0x12B)
[0702/105158.649:WARNING:pe_image_reader.cc(340)] could not read dos header from C:\WINDOWS\SYSTEM32\PROPSYS.dll
[0702/105158.649:ERROR:process_memory_win.cc(73)] ReadMemory at 0x7ffe496c0000 of 64 bytes failed: Only part of a ReadProcessMemory or WriteProcessMemory request was completed. (0x12B)
[0702/105158.649:WARNING:pe_image_reader.cc(340)] could not read dos header from C:\WINDOWS\SYSTEM32\PROPSYS.dll
[0702/105158.649:ERROR:process_memory_win.cc(73)] ReadMemory at 0x7ffe4e550000 of 64 bytes failed: Only part of a ReadProcessMemory or WriteProcessMemory request was completed. (0x12B)
[0702/105158.649:WARNING:pe_image_reader.cc(340)] could not read dos header from C:\WINDOWS\System32\shcore.dll
[0702/105158.649:ERROR:process_memory_win.cc(73)] ReadMemory at 0x7ffe4e550000 of 64 bytes failed: Only part of a ReadProcessMemory or WriteProcessMemory request was completed. (0x12B)
[0702/105158.649:WARNING:pe_image_reader.cc(340)] could not read dos header from C:\WINDOWS\System32\shcore.dll
[0702/105158.649:ERROR:process_memory_win.cc(73)] ReadMemory at 0x7ffe4ba00000 of 64 bytes failed: Only part of a ReadProcessMemory or WriteProcessMemory request was completed. (0x12B)
[0702/105158.649:WARNING:pe_image_reader.cc(340)] could not read dos header from C:\WINDOWS\SYSTEM32\SSPICLI.DLL
[0702/105158.649:ERROR:process_memory_win.cc(73)] ReadMemory at 0x7ffe4ba00000 of 64 bytes failed: Only part of a ReadProcessMemory or WriteProcessMemory request was completed. (0x12B)
[0702/105158.649:WARNING:pe_image_reader.cc(340)] could not read dos header from C:\WINDOWS\SYSTEM32\SSPICLI.DLL
[0702/105158.649:ERROR:process_memory_win.cc(73)] ReadMemory at 0x7ffe4b520000 of 64 bytes failed: Only part of a ReadProcessMemory or WriteProcessMemory request was completed. (0x12B)
[0702/105158.649:WARNING:pe_image_reader.cc(340)] could not read dos header from C:\WINDOWS\SYSTEM32\CRYPTBASE.DLL
[0702/105158.649:ERROR:process_memory_win.cc(73)] ReadMemory at 0x7ffe4b520000 of 64 bytes failed: Only part of a ReadProcessMemory or WriteProcessMemory request was completed. (0x12B)
[0702/105158.649:WARNING:pe_image_reader.cc(340)] could not read dos header from C:\WINDOWS\SYSTEM32\CRYPTBASE.DLL
[0702/105158.670:ERROR:process_memory_win.cc(73)] ReadMemory at 0x7ff693300000 of 64 bytes failed: Only part of a ReadProcessMemory or WriteProcessMemory request was completed. (0x12B)
[0702/105158.670:WARNING:pe_image_reader.cc(340)] could not read dos header from C:\Program Files (x86)\Microsoft\Edge\Application\msedge.exe
[0702/105158.670:ERROR:process_memory_win.cc(73)] ReadMemory at 0x7ffe4ec20000 of 64 bytes failed: Only part of a ReadProcessMemory or WriteProcessMemory request was completed. (0x12B)
[0702/105158.670:WARNING:pe_image_reader.cc(340)] could not read dos header from C:\WINDOWS\SYSTEM32\ntdll.dll
[0702/105158.670:ERROR:process_memory_win.cc(73)] ReadMemory at 0x7ffe4eb20000 of 64 bytes failed: Only part of a ReadProcessMemory or WriteProcessMemory request was completed. (0x12B)
[0702/105158.670:WARNING:pe_image_reader.cc(340)] could not read dos header from C:\WINDOWS\System32\KERNEL32.DLL
[0702/105158.670:ERROR:process_memory_win.cc(73)] ReadMemory at 0x7ffe4ca20000 of 64 bytes failed: Only part of a ReadProcessMemory or WriteProcessMemory request was completed. (0x12B)
[0702/105158.670:WARNING:pe_image_reader.cc(340)] could not read dos header from C:\WINDOWS\System32\KERNELBASE.dll
[0702/105158.670:ERROR:process_memory_win.cc(73)] ReadMemory at 0x7ffe0d6a0000 of 64 bytes failed: Only part of a ReadProcessMemory or WriteProcessMemory request was completed. (0x12B)
[0702/105158.670:WARNING:pe_image_reader.cc(340)] could not read dos header from C:\Program Files (x86)\Microsoft\Edge\Application\83.0.478.56\msedge_elf.dll
[0702/105158.670:ERROR:process_memory_win.cc(73)] ReadMemory at 0x7ffe4c630000 of 64 bytes failed: Only part of a ReadProcessMemory or WriteProcessMemory request was completed. (0x12B)
[0702/105158.670:WARNING:pe_image_reader.cc(340)] could not read dos header from C:\WINDOWS\System32\bcryptPrimitives.dll
[0702/105158.670:ERROR:process_memory_win.cc(73)] ReadMemory at 0x7ffe4dbe0000 of 64 bytes failed: Only part of a ReadProcessMemory or WriteProcessMemory request was completed. (0x12B)
[0702/105158.670:WARNING:pe_image_reader.cc(340)] could not read dos header from C:\WINDOWS\System32\ADVAPI32.dll
[0702/105158.671:ERROR:process_memory_win.cc(73)] ReadMemory at 0x7ffe4e990000 of 64 bytes failed: Only part of a ReadProcessMemory or WriteProcessMemory request was completed. (0x12B)
[0702/105158.671:WARNING:pe_image_reader.cc(340)] could not read dos header from C:\WINDOWS\System32\msvcrt.dll
[0702/105158.671:ERROR:process_memory_win.cc(73)] ReadMemory at 0x7ffe4d800000 of 64 bytes failed: Only part of a ReadProcessMemory or WriteProcessMemory request was completed. (0x12B)
[0702/105158.671:WARNING:pe_image_reader.cc(340)] could not read dos header from C:\WINDOWS\System32\sechost.dll
[0702/105158.671:ERROR:process_memory_win.cc(73)] ReadMemory at 0x7ffe4ccd0000 of 64 bytes failed: Only part of a ReadProcessMemory or WriteProcessMemory request was completed. (0x12B)
[0702/105158.671:WARNING:pe_image_reader.cc(340)] could not read dos header from C:\WINDOWS\System32\RPCRT4.dll
[0702/105158.671:ERROR:process_memory_win.cc(73)] ReadMemory at 0x7ffde6ff0000 of 64 bytes failed: Only part of a ReadProcessMemory or WriteProcessMemory request was completed. (0x12B)
[0702/105158.671:WARNING:pe_image_reader.cc(340)] could not read dos header from C:\Program Files (x86)\Microsoft\Edge\Application\83.0.478.56\msedge.dll
[0702/105158.671:ERROR:process_memory_win.cc(73)] ReadMemory at 0x7ffe4eab0000 of 64 bytes failed: Only part of a ReadProcessMemory or WriteProcessMemory request was completed. (0x12B)
[0702/105158.671:WARNING:pe_image_reader.cc(340)] could not read dos header from C:\WINDOWS\System32\WS2_32.dll
[0702/105158.671:ERROR:process_memory_win.cc(73)] ReadMemory at 0x7ffe4cff0000 of 64 bytes failed: Only part of a ReadProcessMemory or WriteProcessMemory request was completed. (0x12B)
[0702/105158.671:WARNING:pe_image_reader.cc(340)] could not read dos header from C:\WINDOWS\System32\OLEAUT32.dll
[0702/105158.671:ERROR:process_memory_win.cc(73)] ReadMemory at 0x7ffe4c6b0000 of 64 bytes failed: Only part of a ReadProcessMemory or WriteProcessMemory request was completed. (0x12B)
[0702/105158.671:WARNING:pe_image_reader.cc(340)] could not read dos header from C:\WINDOWS\System32\msvcp_win.dll
[0702/105158.671:ERROR:process_memory_win.cc(73)] ReadMemory at 0x7ffe4bbb0000 of 64 bytes failed: Only part of a ReadProcessMemory or WriteProcessMemory request was completed. (0x12B)
[0702/105158.671:WARNING:pe_image_reader.cc(340)] could not read dos header from C:\WINDOWS\System32\ucrtbase.dll
[0702/105158.671:ERROR:process_memory_win.cc(73)] ReadMemory at 0x7ffe4d8a0000 of 64 bytes failed: Only part of a ReadProcessMemory or WriteProcessMemory request was completed. (0x12B)
[0702/105158.671:WARNING:pe_image_reader.cc(340)] could not read dos header from C:\WINDOWS\System32\combase.dll
[0702/105158.671:ERROR:process_memory_win.cc(73)] ReadMemory at 0x7ffe4be50000 of 64 bytes failed: Only part of a ReadProcessMemory or WriteProcessMemory request was completed. (0x12B)
[0702/105158.671:WARNING:pe_image_reader.cc(340)] could not read dos header from C:\WINDOWS\System32\WINTRUST.dll
[0702/105158.671:ERROR:process_memory_win.cc(73)] ReadMemory at 0x7ffe4bb10000 of 64 bytes failed: Only part of a ReadProcessMemory or WriteProcessMemory request was completed. (0x12B)
[0702/105158.671:WARNING:pe_image_reader.cc(340)] could not read dos header from C:\WINDOWS\System32\MSASN1.dll
[0702/105158.671:ERROR:process_memory_win.cc(73)] ReadMemory at 0x7ffe4bd00000 of 64 bytes failed: Only part of a ReadProcessMemory or WriteProcessMemory request was completed. (0x12B)
[0702/105158.671:WARNING:pe_image_reader.cc(340)] could not read dos header from C:\WINDOWS\System32\CRYPT32.dll
[0702/105158.671:ERROR:process_memory_win.cc(73)] ReadMemory at 0x7ffe4b060000 of 64 bytes failed: Only part of a ReadProcessMemory or WriteProcessMemory request was completed. (0x12B)
[0702/105158.671:WARNING:pe_image_reader.cc(340)] could not read dos header from C:\WINDOWS\SYSTEM32\IPHLPAPI.DLL
[0702/105158.671:ERROR:process_memory_win.cc(73)] ReadMemory at 0x7ffe46a90000 of 64 bytes failed: Only part of a ReadProcessMemory or WriteProcessMemory request was completed. (0x12B)
[0702/105158.671:WARNING:pe_image_reader.cc(340)] could not read dos header from C:\WINDOWS\SYSTEM32\WINMM.dll
[0702/105158.671:ERROR:process_memory_win.cc(73)] ReadMemory at 0x7ffe3a310000 of 64 bytes failed: Only part of a ReadProcessMemory or WriteProcessMemory request was completed. (0x12B)
[0702/105158.671:WARNING:pe_image_reader.cc(340)] could not read dos header from C:\WINDOWS\SYSTEM32\Secur32.dll
[0702/105158.671:ERROR:process_memory_win.cc(73)] ReadMemory at 0x7ffe4b9d0000 of 64 bytes failed: Only part of a ReadProcessMemory or WriteProcessMemory request was completed. (0x12B)
[0702/105158.671:WARNING:pe_image_reader.cc(340)] could not read dos header from C:\WINDOWS\SYSTEM32\USERENV.dll
[0702/105158.671:ERROR:process_memory_win.cc(73)] ReadMemory at 0x7ffe4bb30000 of 64 bytes failed: Only part of a ReadProcessMemory or WriteProcessMemory request was completed. (0x12B)
[0702/105158.671:WARNING:pe_image_reader.cc(340)] could not read dos header from C:\WINDOWS\System32\profapi.dll
[0702/105158.671:ERROR:process_memory_win.cc(73)] ReadMemory at 0x7ffe1cea0000 of 64 bytes failed: Only part of a ReadProcessMemory or WriteProcessMemory request was completed. (0x12B)
[0702/105158.671:WARNING:pe_image_reader.cc(340)] could not read dos header from C:\WINDOWS\SYSTEM32\UIAutomationCore.DLL
[0702/105158.671:ERROR:process_memory_win.cc(73)] ReadMemory at 0x7ffe41ec0000 of 64 bytes failed: Only part of a ReadProcessMemory or WriteProcessMemory request was completed. (0x12B)
[0702/105158.672:WARNING:pe_image_reader.cc(340)] could not read dos header from C:\WINDOWS\SYSTEM32\WINHTTP.dll
[0702/105158.672:ERROR:process_memory_win.cc(73)] ReadMemory at 0x7ffe2a5e0000 of 64 bytes failed: Only part of a ReadProcessMemory or WriteProcessMemory request was completed. (0x12B)
[0702/105158.672:WARNING:pe_image_reader.cc(340)] could not read dos header from C:\WINDOWS\SYSTEM32\DWrite.dll
[0702/105158.672:ERROR:process_memory_win.cc(73)] ReadMemory at 0x7ffe3d3c0000 of 64 bytes failed: Only part of a ReadProcessMemory or WriteProcessMemory request was completed. (0x12B)
[0702/105158.672:WARNING:pe_image_reader.cc(340)] could not read dos header from C:\WINDOWS\SYSTEM32\WINSPOOL.DRV
[0702/105158.672:ERROR:process_memory_win.cc(73)] ReadMemory at 0x7ffe4baf0000 of 64 bytes failed: Only part of a ReadProcessMemory or WriteProcessMemory request was completed. (0x12B)
[0702/105158.672:WARNING:pe_image_reader.cc(340)] could not read dos header from C:\WINDOWS\System32\kernel.appcore.dll
[0702/105158.672:ERROR:process_memory_win.cc(73)] ReadMemory at 0x7ffe4c830000 of 64 bytes failed: Only part of a ReadProcessMemory or WriteProcessMemory request was completed. (0x12B)
[0702/105158.672:WARNING:pe_image_reader.cc(340)] could not read dos header from C:\WINDOWS\System32\bcrypt.dll
[0702/105158.672:ERROR:process_memory_win.cc(73)] ReadMemory at 0x7ffe4a3d0000 of 64 bytes failed: Only part of a ReadProcessMemory or WriteProcessMemory request was completed. (0x12B)
[0702/105158.672:WARNING:pe_image_reader.cc(340)] could not read dos header from C:\WINDOWS\SYSTEM32\dbghelp.dll
[0702/105158.672:ERROR:process_memory_win.cc(73)] ReadMemory at 0x7ffe41da0000 of 64 bytes failed: Only part of a ReadProcessMemory or WriteProcessMemory request was completed. (0x12B)
[0702/105158.672:WARNING:pe_image_reader.cc(340)] could not read dos header from C:\WINDOWS\SYSTEM32\dhcpcsvc.DLL
[0702/105158.672:ERROR:process_memory_win.cc(73)] ReadMemory at 0x7ffe4e070000 of 64 bytes failed: Only part of a ReadProcessMemory or WriteProcessMemory request was completed. (0x12B)
[0702/105158.672:WARNING:pe_image_reader.cc(340)] could not read dos header from C:\WINDOWS\System32\NSI.dll
[0702/105158.672:ERROR:process_memory_win.cc(73)] ReadMemory at 0x7ffe46a60000 of 64 bytes failed: Only part of a ReadProcessMemory or WriteProcessMemory request was completed. (0x12B)
[0702/105158.672:WARNING:pe_image_reader.cc(340)] could not read dos header from C:\WINDOWS\SYSTEM32\WINMMBASE.dll
[0702/105158.672:ERROR:process_memory_win.cc(73)] ReadMemory at 0x7ffe4bcb0000 of 64 bytes failed: Only part of a ReadProcessMemory or WriteProcessMemory request was completed. (0x12B)
[0702/105158.672:WARNING:pe_image_reader.cc(340)] could not read dos header from C:\WINDOWS\System32\cfgmgr32.dll
[0702/105158.672:ERROR:process_memory_win.cc(73)] ReadMemory at 0x7ffe496c0000 of 64 bytes failed: Only part of a ReadProcessMemory or WriteProcessMemory request was completed. (0x12B)
[0702/105158.672:WARNING:pe_image_reader.cc(340)] could not read dos header from C:\WINDOWS\SYSTEM32\PROPSYS.dll
[0702/105158.672:ERROR:process_memory_win.cc(73)] ReadMemory at 0x7ffe4e550000 of 64 bytes failed: Only part of a ReadProcessMemory or WriteProcessMemory request was completed. (0x12B)
[0702/105158.672:WARNING:pe_image_reader.cc(340)] could not read dos header from C:\WINDOWS\System32\shcore.dll
[0702/105158.672:ERROR:process_memory_win.cc(73)] ReadMemory at 0x7ffe4ba00000 of 64 bytes failed: Only part of a ReadProcessMemory or WriteProcessMemory request was completed. (0x12B)
[0702/105158.672:WARNING:pe_image_reader.cc(340)] could not read dos header from C:\WINDOWS\SYSTEM32\SSPICLI.DLL
[0702/105158.672:ERROR:process_memory_win.cc(73)] ReadMemory at 0x7ffe4b520000 of 64 bytes failed: Only part of a ReadProcessMemory or WriteProcessMemory request was completed. (0x12B)
[0702/105158.672:WARNING:pe_image_reader.cc(340)] could not read dos header from C:\WINDOWS\SYSTEM32\CRYPTBASE.DLL
[0702/105158.677:ERROR:process_memory_win.cc(73)] ReadMemory at 0x7ff693300000 of 64 bytes failed: Only part of a ReadProcessMemory or WriteProcessMemory request was completed. (0x12B)
[0702/105158.677:WARNING:pe_image_reader.cc(340)] could not read dos header from C:\Program Files (x86)\Microsoft\Edge\Application\msedge.exe
[0702/105158.677:ERROR:process_memory_win.cc(73)] ReadMemory at 0x7ffe4ec20000 of 64 bytes failed: Only part of a ReadProcessMemory or WriteProcessMemory request was completed. (0x12B)
[0702/105158.677:WARNING:pe_image_reader.cc(340)] could not read dos header from C:\WINDOWS\SYSTEM32\ntdll.dll
[0702/105158.677:ERROR:process_memory_win.cc(73)] ReadMemory at 0x7ffe4eb20000 of 64 bytes failed: Only part of a ReadProcessMemory or WriteProcessMemory request was completed. (0x12B)
[0702/105158.677:WARNING:pe_image_reader.cc(340)] could not read dos header from C:\WINDOWS\System32\KERNEL32.DLL
[0702/105158.677:ERROR:process_memory_win.cc(73)] ReadMemory at 0x7ffe4ca20000 of 64 bytes failed: Only part of a ReadProcessMemory or WriteProcessMemory request was completed. (0x12B)
[0702/105158.677:WARNING:pe_image_reader.cc(340)] could not read dos header from C:\WINDOWS\System32\KERNELBASE.dll
[0702/105158.677:ERROR:process_memory_win.cc(73)] ReadMemory at 0x7ffe0d6a0000 of 64 bytes failed: Only part of a ReadProcessMemory or WriteProcessMemory request was completed. (0x12B)
[0702/105158.677:WARNING:pe_image_reader.cc(340)] could not read dos header from C:\Program Files (x86)\Microsoft\Edge\Application\83.0.478.56\msedge_elf.dll
[0702/105158.677:ERROR:process_memory_win.cc(73)] ReadMemory at 0x7ffe4c630000 of 64 bytes failed: Only part of a ReadProcessMemory or WriteProcessMemory request was completed. (0x12B)
[0702/105158.677:WARNING:pe_image_reader.cc(340)] could not read dos header from C:\WINDOWS\System32\bcryptPrimitives.dll
[0702/105158.677:ERROR:process_memory_win.cc(73)] ReadMemory at 0x7ffe4dbe0000 of 64 bytes failed: Only part of a ReadProcessMemory or WriteProcessMemory request was completed. (0x12B)
[0702/105158.677:WARNING:pe_image_reader.cc(340)] could not read dos header from C:\WINDOWS\System32\ADVAPI32.dll
[0702/105158.677:ERROR:process_memory_win.cc(73)] ReadMemory at 0x7ffe4e990000 of 64 bytes failed: Only part of a ReadProcessMemory or WriteProcessMemory request was completed. (0x12B)
[0702/105158.677:WARNING:pe_image_reader.cc(340)] could not read dos header from C:\WINDOWS\System32\msvcrt.dll
[0702/105158.677:ERROR:process_memory_win.cc(73)] ReadMemory at 0x7ffe4d800000 of 64 bytes failed: Only part of a ReadProcessMemory or WriteProcessMemory request was completed. (0x12B)
[0702/105158.677:WARNING:pe_image_reader.cc(340)] could not read dos header from C:\WINDOWS\System32\sechost.dll
[0702/105158.677:ERROR:process_memory_win.cc(73)] ReadMemory at 0x7ffe4ccd0000 of 64 bytes failed: Only part of a ReadProcessMemory or WriteProcessMemory request was completed. (0x12B)
[0702/105158.677:WARNING:pe_image_reader.cc(340)] could not read dos header from C:\WINDOWS\System32\RPCRT4.dll
[0702/105158.677:ERROR:process_memory_win.cc(73)] ReadMemory at 0x7ffde6ff0000 of 64 bytes failed: Only part of a ReadProcessMemory or WriteProcessMemory request was completed. (0x12B)
[0702/105158.677:WARNING:pe_image_reader.cc(340)] could not read dos header from C:\Program Files (x86)\Microsoft\Edge\Application\83.0.478.56\msedge.dll
[0702/105158.678:ERROR:process_memory_win.cc(73)] ReadMemory at 0x7ffe4eab0000 of 64 bytes failed: Only part of a ReadProcessMemory or WriteProcessMemory request was completed. (0x12B)
[0702/105158.678:WARNING:pe_image_reader.cc(340)] could not read dos header from C:\WINDOWS\System32\WS2_32.dll
[0702/105158.678:ERROR:process_memory_win.cc(73)] ReadMemory at 0x7ffe4cff0000 of 64 bytes failed: Only part of a ReadProcessMemory or WriteProcessMemory request was completed. (0x12B)
[0702/105158.678:WARNING:pe_image_reader.cc(340)] could not read dos header from C:\WINDOWS\System32\OLEAUT32.dll
[0702/105158.678:ERROR:process_memory_win.cc(73)] ReadMemory at 0x7ffe4c6b0000 of 64 bytes failed: Only part of a ReadProcessMemory or WriteProcessMemory request was completed. (0x12B)
[0702/105158.678:WARNING:pe_image_reader.cc(340)] could not read dos header from C:\WINDOWS\System32\msvcp_win.dll
[0702/105158.678:ERROR:process_memory_win.cc(73)] ReadMemory at 0x7ffe4bbb0000 of 64 bytes failed: Only part of a ReadProcessMemory or WriteProcessMemory request was completed. (0x12B)
[0702/105158.678:WARNING:pe_image_reader.cc(340)] could not read dos header from C:\WINDOWS\System32\ucrtbase.dll
[0702/105158.678:ERROR:process_memory_win.cc(73)] ReadMemory at 0x7ffe4d8a0000 of 64 bytes failed: Only part of a ReadProcessMemory or WriteProcessMemory request was completed. (0x12B)
[0702/105158.678:WARNING:pe_image_reader.cc(340)] could not read dos header from C:\WINDOWS\System32\combase.dll
[0702/105158.678:ERROR:process_memory_win.cc(73)] ReadMemory at 0x7ffe4be50000 of 64 bytes failed: Only part of a ReadProcessMemory or WriteProcessMemory request was completed. (0x12B)
[0702/105158.678:WARNING:pe_image_reader.cc(340)] could not read dos header from C:\WINDOWS\System32\WINTRUST.dll
[0702/105158.678:ERROR:process_memory_win.cc(73)] ReadMemory at 0x7ffe4bb10000 of 64 bytes failed: Only part of a ReadProcessMemory or WriteProcessMemory request was completed. (0x12B)
[0702/105158.678:WARNING:pe_image_reader.cc(340)] could not read dos header from C:\WINDOWS\System32\MSASN1.dll
[0702/105158.678:ERROR:process_memory_win.cc(73)] ReadMemory at 0x7ffe4bd00000 of 64 bytes failed: Only part of a ReadProcessMemory or WriteProcessMemory request was completed. (0x12B)
[0702/105158.678:WARNING:pe_image_reader.cc(340)] could not read dos header from C:\WINDOWS\System32\CRYPT32.dll
[0702/105158.678:ERROR:process_memory_win.cc(73)] ReadMemory at 0x7ffe4b060000 of 64 bytes failed: Only part of a ReadProcessMemory or WriteProcessMemory request was completed. (0x12B)
[0702/105158.678:WARNING:pe_image_reader.cc(340)] could not read dos header from C:\WINDOWS\SYSTEM32\IPHLPAPI.DLL
[0702/105158.678:ERROR:process_memory_win.cc(73)] ReadMemory at 0x7ffe46a90000 of 64 bytes failed: Only part of a ReadProcessMemory or WriteProcessMemory request was completed. (0x12B)
[0702/105158.678:WARNING:pe_image_reader.cc(340)] could not read dos header from C:\WINDOWS\SYSTEM32\WINMM.dll
[0702/105158.678:ERROR:process_memory_win.cc(73)] ReadMemory at 0x7ffe3a310000 of 64 bytes failed: Only part of a ReadProcessMemory or WriteProcessMemory request was completed. (0x12B)
[0702/105158.678:WARNING:pe_image_reader.cc(340)] could not read dos header from C:\WINDOWS\SYSTEM32\Secur32.dll
[0702/105158.678:ERROR:process_memory_win.cc(73)] ReadMemory at 0x7ffe4b9d0000 of 64 bytes failed: Only part of a ReadProcessMemory or WriteProcessMemory request was completed. (0x12B)
[0702/105158.678:WARNING:pe_image_reader.cc(340)] could not read dos header from C:\WINDOWS\SYSTEM32\USERENV.dll
[0702/105158.678:ERROR:process_memory_win.cc(73)] ReadMemory at 0x7ffe4bb30000 of 64 bytes failed: Only part of a ReadProcessMemory or WriteProcessMemory request was completed. (0x12B)
[0702/105158.678:WARNING:pe_image_reader.cc(340)] could not read dos header from C:\WINDOWS\System32\profapi.dll
[0702/105158.678:ERROR:process_memory_win.cc(73)] ReadMemory at 0x7ffe1cea0000 of 64 bytes failed: Only part of a ReadProcessMemory or WriteProcessMemory request was completed. (0x12B)
[0702/105158.678:WARNING:pe_image_reader.cc(340)] could not read dos header from C:\WINDOWS\SYSTEM32\UIAutomationCore.DLL
[0702/105158.678:ERROR:process_memory_win.cc(73)] ReadMemory at 0x7ffe41ec0000 of 64 bytes failed: Only part of a ReadProcessMemory or WriteProcessMemory request was completed. (0x12B)
[0702/105158.678:WARNING:pe_image_reader.cc(340)] could not read dos header from C:\WINDOWS\SYSTEM32\WINHTTP.dll
[0702/105158.678:ERROR:process_memory_win.cc(73)] ReadMemory at 0x7ffe2a5e0000 of 64 bytes failed: Only part of a ReadProcessMemory or WriteProcessMemory request was completed. (0x12B)
[0702/105158.678:WARNING:pe_image_reader.cc(340)] could not read dos header from C:\WINDOWS\SYSTEM32\DWrite.dll
[0702/105158.678:ERROR:process_memory_win.cc(73)] ReadMemory at 0x7ffe3d3c0000 of 64 bytes failed: Only part of a ReadProcessMemory or WriteProcessMemory request was completed. (0x12B)
[0702/105158.679:WARNING:pe_image_reader.cc(340)] could not read dos header from C:\WINDOWS\SYSTEM32\WINSPOOL.DRV
[0702/105158.679:ERROR:process_memory_win.cc(73)] ReadMemory at 0x7ffe4baf0000 of 64 bytes failed: Only part of a ReadProcessMemory or WriteProcessMemory request was completed. (0x12B)
[0702/105158.679:WARNING:pe_image_reader.cc(340)] could not read dos header from C:\WINDOWS\System32\kernel.appcore.dll
[0702/105158.679:ERROR:process_memory_win.cc(73)] ReadMemory at 0x7ffe4c830000 of 64 bytes failed: Only part of a ReadProcessMemory or WriteProcessMemory request was completed. (0x12B)
[0702/105158.679:WARNING:pe_image_reader.cc(340)] could not read dos header from C:\WINDOWS\System32\bcrypt.dll
[0702/105158.679:ERROR:process_memory_win.cc(73)] ReadMemory at 0x7ffe4a3d0000 of 64 bytes failed: Only part of a ReadProcessMemory or WriteProcessMemory request was completed. (0x12B)
[0702/105158.679:WARNING:pe_image_reader.cc(340)] could not read dos header from C:\WINDOWS\SYSTEM32\dbghelp.dll
[0702/105158.679:ERROR:process_memory_win.cc(73)] ReadMemory at 0x7ffe41da0000 of 64 bytes failed: Only part of a ReadProcessMemory or WriteProcessMemory request was completed. (0x12B)
[0702/105158.679:WARNING:pe_image_reader.cc(340)] could not read dos header from C:\WINDOWS\SYSTEM32\dhcpcsvc.DLL
[0702/105158.679:ERROR:process_memory_win.cc(73)] ReadMemory at 0x7ffe4e070000 of 64 bytes failed: Only part of a ReadProcessMemory or WriteProcessMemory request was completed. (0x12B)
[0702/105158.679:WARNING:pe_image_reader.cc(340)] could not read dos header from C:\WINDOWS\System32\NSI.dll
[0702/105158.679:ERROR:process_memory_win.cc(73)] ReadMemory at 0x7ffe46a60000 of 64 bytes failed: Only part of a ReadProcessMemory or WriteProcessMemory request was completed. (0x12B)
[0702/105158.679:WARNING:pe_image_reader.cc(340)] could not read dos header from C:\WINDOWS\SYSTEM32\WINMMBASE.dll
[0702/105158.679:ERROR:process_memory_win.cc(73)] ReadMemory at 0x7ffe4bcb0000 of 64 bytes failed: Only part of a ReadProcessMemory or WriteProcessMemory request was completed. (0x12B)
[0702/105158.679:WARNING:pe_image_reader.cc(340)] could not read dos header from C:\WINDOWS\System32\cfgmgr32.dll
[0702/105158.679:ERROR:process_memory_win.cc(73)] ReadMemory at 0x7ffe496c0000 of 64 bytes failed: Only part of a ReadProcessMemory or WriteProcessMemory request was completed. (0x12B)
[0702/105158.679:WARNING:pe_image_reader.cc(340)] could not read dos header from C:\WINDOWS\SYSTEM32\PROPSYS.dll
[0702/105158.679:ERROR:process_memory_win.cc(73)] ReadMemory at 0x7ffe4e550000 of 64 bytes failed: Only part of a ReadProcessMemory or WriteProcessMemory request was completed. (0x12B)
[0702/105158.679:WARNING:pe_image_reader.cc(340)] could not read dos header from C:\WINDOWS\System32\shcore.dll
[0702/105158.679:ERROR:process_memory_win.cc(73)] ReadMemory at 0x7ffe4ba00000 of 64 bytes failed: Only part of a ReadProcessMemory or WriteProcessMemory request was completed. (0x12B)
[0702/105158.684:WARNING:pe_image_reader.cc(340)] could not read dos header from C:\WINDOWS\SYSTEM32\SSPICLI.DLL
[0702/105158.684:ERROR:process_memory_win.cc(73)] ReadMemory at 0x7ffe4b520000 of 64 bytes failed: Only part of a ReadProcessMemory or WriteProcessMemory request was completed. (0x12B)
[0702/105158.684:WARNING:pe_image_reader.cc(340)] could not read dos header from C:\WINDOWS\SYSTEM32\CRYPTBASE.DLL
[0702/105158.684:ERROR:process_memory_win.cc(73)] ReadMemory at 0x7ff693300000 of 64 bytes failed: Only part of a ReadProcessMemory or WriteProcessMemory request was completed. (0x12B)
[0702/105158.684:WARNING:pe_image_reader.cc(340)] could not read dos header from C:\Program Files (x86)\Microsoft\Edge\Application\msedge.exe
[0702/105158.684:ERROR:process_memory_win.cc(73)] ReadMemory at 0x7ffe4ec20000 of 64 bytes failed: Only part of a ReadProcessMemory or WriteProcessMemory request was completed. (0x12B)
[0702/105158.684:WARNING:pe_image_reader.cc(340)] could not read dos header from C:\WINDOWS\SYSTEM32\ntdll.dll
[0702/105158.684:ERROR:process_memory_win.cc(73)] ReadMemory at 0x7ffe4eb20000 of 64 bytes failed: Only part of a ReadProcessMemory or WriteProcessMemory request was completed. (0x12B)
[0702/105158.684:WARNING:pe_image_reader.cc(340)] could not read dos header from C:\WINDOWS\System32\KERNEL32.DLL
[0702/105158.684:ERROR:process_memory_win.cc(73)] ReadMemory at 0x7ffe4ca20000 of 64 bytes failed: Only part of a ReadProcessMemory or WriteProcessMemory request was completed. (0x12B)
[0702/105158.684:WARNING:pe_image_reader.cc(340)] could not read dos header from C:\WINDOWS\System32\KERNELBASE.dll
[0702/105158.684:ERROR:process_memory_win.cc(73)] ReadMemory at 0x7ffe0d6a0000 of 64 bytes failed: Only part of a ReadProcessMemory or WriteProcessMemory request was completed. (0x12B)
[0702/105158.684:WARNING:pe_image_reader.cc(340)] could not read dos header from C:\Program Files (x86)\Microsoft\Edge\Application\83.0.478.56\msedge_elf.dll
[0702/105158.684:ERROR:process_memory_win.cc(73)] ReadMemory at 0x7ffe4c630000 of 64 bytes failed: Only part of a ReadProcessMemory or WriteProcessMemory request was completed. (0x12B)
[0702/105158.684:WARNING:pe_image_reader.cc(340)] could not read dos header from C:\WINDOWS\System32\bcryptPrimitives.dll
[0702/105158.684:ERROR:process_memory_win.cc(73)] ReadMemory at 0x7ffe4dbe0000 of 64 bytes failed: Only part of a ReadProcessMemory or WriteProcessMemory request was completed. (0x12B)
[0702/105158.684:WARNING:pe_image_reader.cc(340)] could not read dos header from C:\WINDOWS\System32\ADVAPI32.dll
[0702/105158.685:ERROR:process_memory_win.cc(73)] ReadMemory at 0x7ffe4e990000 of 64 bytes failed: Only part of a ReadProcessMemory or WriteProcessMemory request was completed. (0x12B)
[0702/105158.685:WARNING:pe_image_reader.cc(340)] could not read dos header from C:\WINDOWS\System32\msvcrt.dll
[0702/105158.685:ERROR:process_memory_win.cc(73)] ReadMemory at 0x7ffe4d800000 of 64 bytes failed: Only part of a ReadProcessMemory or WriteProcessMemory request was completed. (0x12B)
[0702/105158.685:WARNING:pe_image_reader.cc(340)] could not read dos header from C:\WINDOWS\System32\sechost.dll
[0702/105158.685:ERROR:process_memory_win.cc(73)] ReadMemory at 0x7ffe4ccd0000 of 64 bytes failed: Only part of a ReadProcessMemory or WriteProcessMemory request was completed. (0x12B)
[0702/105158.685:WARNING:pe_image_reader.cc(340)] could not read dos header from C:\WINDOWS\System32\RPCRT4.dll
[0702/105158.685:ERROR:process_memory_win.cc(73)] ReadMemory at 0x7ffde6ff0000 of 64 bytes failed: Only part of a ReadProcessMemory or WriteProcessMemory request was completed. (0x12B)
[0702/105158.685:WARNING:pe_image_reader.cc(340)] could not read dos header from C:\Program Files (x86)\Microsoft\Edge\Application\83.0.478.56\msedge.dll
[0702/105158.685:ERROR:process_memory_win.cc(73)] ReadMemory at 0x7ffe4eab0000 of 64 bytes failed: Only part of a ReadProcessMemory or WriteProcessMemory request was completed. (0x12B)
[0702/105158.685:WARNING:pe_image_reader.cc(340)] could not read dos header from C:\WINDOWS\System32\WS2_32.dll
[0702/105158.685:ERROR:process_memory_win.cc(73)] ReadMemory at 0x7ffe4cff0000 of 64 bytes failed: Only part of a ReadProcessMemory or WriteProcessMemory request was completed. (0x12B)
[0702/105158.685:WARNING:pe_image_reader.cc(340)] could not read dos header from C:\WINDOWS\System32\OLEAUT32.dll
[0702/105158.685:ERROR:process_memory_win.cc(73)] ReadMemory at 0x7ffe4c6b0000 of 64 bytes failed: Only part of a ReadProcessMemory or WriteProcessMemory request was completed. (0x12B)
[0702/105158.685:WARNING:pe_image_reader.cc(340)] could not read dos header from C:\WINDOWS\System32\msvcp_win.dll
[0702/105158.685:ERROR:process_memory_win.cc(73)] ReadMemory at 0x7ffe4bbb0000 of 64 bytes failed: Only part of a ReadProcessMemory or WriteProcessMemory request was completed. (0x12B)
[0702/105158.685:WARNING:pe_image_reader.cc(340)] could not read dos header from C:\WINDOWS\System32\ucrtbase.dll
[0702/105158.685:ERROR:process_memory_win.cc(73)] ReadMemory at 0x7ffe4d8a0000 of 64 bytes failed: Only part of a ReadProcessMemory or WriteProcessMemory request was completed. (0x12B)
[0702/105158.685:WARNING:pe_image_reader.cc(340)] could not read dos header from C:\WINDOWS\System32\combase.dll
[0702/105158.685:ERROR:process_memory_win.cc(73)] ReadMemory at 0x7ffe4be50000 of 64 bytes failed: Only part of a ReadProcessMemory or WriteProcessMemory request was completed. (0x12B)
[0702/105158.685:WARNING:pe_image_reader.cc(340)] could not read dos header from C:\WINDOWS\System32\WINTRUST.dll
[0702/105158.685:ERROR:process_memory_win.cc(73)] ReadMemory at 0x7ffe4bb10000 of 64 bytes failed: Only part of a ReadProcessMemory or WriteProcessMemory request was completed. (0x12B)
[0702/105158.685:WARNING:pe_image_reader.cc(340)] could not read dos header from C:\WINDOWS\System32\MSASN1.dll
[0702/105158.685:ERROR:process_memory_win.cc(73)] ReadMemory at 0x7ffe4bd00000 of 64 bytes failed: Only part of a ReadProcessMemory or WriteProcessMemory request was completed. (0x12B)
[0702/105158.685:WARNING:pe_image_reader.cc(340)] could not read dos header from C:\WINDOWS\System32\CRYPT32.dll
[0702/105158.685:ERROR:process_memory_win.cc(73)] ReadMemory at 0x7ffe4b060000 of 64 bytes failed: Only part of a ReadProcessMemory or WriteProcessMemory request was completed. (0x12B)
[0702/105158.685:WARNING:pe_image_reader.cc(340)] could not read dos header from C:\WINDOWS\SYSTEM32\IPHLPAPI.DLL
[0702/105158.685:ERROR:process_memory_win.cc(73)] ReadMemory at 0x7ffe46a90000 of 64 bytes failed: Only part of a ReadProcessMemory or WriteProcessMemory request was completed. (0x12B)
[0702/105158.685:WARNING:pe_image_reader.cc(340)] could not read dos header from C:\WINDOWS\SYSTEM32\WINMM.dll
[0702/105158.685:ERROR:process_memory_win.cc(73)] ReadMemory at 0x7ffe3a310000 of 64 bytes failed: Only part of a ReadProcessMemory or WriteProcessMemory request was completed. (0x12B)
[0702/105158.685:WARNING:pe_image_reader.cc(340)] could not read dos header from C:\WINDOWS\SYSTEM32\Secur32.dll
[0702/105158.685:ERROR:process_memory_win.cc(73)] ReadMemory at 0x7ffe4b9d0000 of 64 bytes failed: Only part of a ReadProcessMemory or WriteProcessMemory request was completed. (0x12B)
[0702/105158.685:WARNING:pe_image_reader.cc(340)] could not read dos header from C:\WINDOWS\SYSTEM32\USERENV.dll
[0702/105158.685:ERROR:process_memory_win.cc(73)] ReadMemory at 0x7ffe4bb30000 of 64 bytes failed: Only part of a ReadProcessMemory or WriteProcessMemory request was completed. (0x12B)
[0702/105158.685:WARNING:pe_image_reader.cc(340)] could not read dos header from C:\WINDOWS\System32\profapi.dll
[0702/105158.685:ERROR:process_memory_win.cc(73)] ReadMemory at 0x7ffe1cea0000 of 64 bytes failed: Only part of a ReadProcessMemory or WriteProcessMemory request was completed. (0x12B)
[0702/105158.685:WARNING:pe_image_reader.cc(340)] could not read dos header from C:\WINDOWS\SYSTEM32\UIAutomationCore.DLL
[0702/105158.686:ERROR:process_memory_win.cc(73)] ReadMemory at 0x7ffe41ec0000 of 64 bytes failed: Only part of a ReadProcessMemory or WriteProcessMemory request was completed. (0x12B)
[0702/105158.686:WARNING:pe_image_reader.cc(340)] could not read dos header from C:\WINDOWS\SYSTEM32\WINHTTP.dll
[0702/105158.686:ERROR:process_memory_win.cc(73)] ReadMemory at 0x7ffe2a5e0000 of 64 bytes failed: Only part of a ReadProcessMemory or WriteProcessMemory request was completed. (0x12B)
[0702/105158.686:WARNING:pe_image_reader.cc(340)] could not read dos header from C:\WINDOWS\SYSTEM32\DWrite.dll
[0702/105158.686:ERROR:process_memory_win.cc(73)] ReadMemory at 0x7ffe3d3c0000 of 64 bytes failed: Only part of a ReadProcessMemory or WriteProcessMemory request was completed. (0x12B)
[0702/105158.686:WARNING:pe_image_reader.cc(340)] could not read dos header from C:\WINDOWS\SYSTEM32\WINSPOOL.DRV
[0702/105158.686:ERROR:process_memory_win.cc(73)] ReadMemory at 0x7ffe4baf0000 of 64 bytes failed: Only part of a ReadProcessMemory or WriteProcessMemory request was completed. (0x12B)
[0702/105158.686:WARNING:pe_image_reader.cc(340)] could not read dos header from C:\WINDOWS\System32\kernel.appcore.dll
[0702/105158.686:ERROR:process_memory_win.cc(73)] ReadMemory at 0x7ffe4c830000 of 64 bytes failed: Only part of a ReadProcessMemory or WriteProcessMemory request was completed. (0x12B)
[0702/105158.686:WARNING:pe_image_reader.cc(340)] could not read dos header from C:\WINDOWS\System32\bcrypt.dll
[0702/105158.686:ERROR:process_memory_win.cc(73)] ReadMemory at 0x7ffe4a3d0000 of 64 bytes failed: Only part of a ReadProcessMemory or WriteProcessMemory request was completed. (0x12B)
[0702/105158.686:WARNING:pe_image_reader.cc(340)] could not read dos header from C:\WINDOWS\SYSTEM32\dbghelp.dll
[0702/105158.686:ERROR:process_memory_win.cc(73)] ReadMemory at 0x7ffe41da0000 of 64 bytes failed: Only part of a ReadProcessMemory or WriteProcessMemory request was completed. (0x12B)
[0702/105158.686:WARNING:pe_image_reader.cc(340)] could not read dos header from C:\WINDOWS\SYSTEM32\dhcpcsvc.DLL
[0702/105158.686:ERROR:process_memory_win.cc(73)] ReadMemory at 0x7ffe4e070000 of 64 bytes failed: Only part of a ReadProcessMemory or WriteProcessMemory request was completed. (0x12B)
[0702/105158.686:WARNING:pe_image_reader.cc(340)] could not read dos header from C:\WINDOWS\System32\NSI.dll
[0702/105158.686:ERROR:process_memory_win.cc(73)] ReadMemory at 0x7ffe46a60000 of 64 bytes failed: Only part of a ReadProcessMemory or WriteProcessMemory request was completed. (0x12B)
[0702/105158.686:WARNING:pe_image_reader.cc(340)] could not read dos header from C:\WINDOWS\SYSTEM32\WINMMBASE.dll
[0702/105158.686:ERROR:process_memory_win.cc(73)] ReadMemory at 0x7ffe4bcb0000 of 64 bytes failed: Only part of a ReadProcessMemory or WriteProcessMemory request was completed. (0x12B)
[0702/105158.686:WARNING:pe_image_reader.cc(340)] could not read dos header from C:\WINDOWS\System32\cfgmgr32.dll
[0702/105158.686:ERROR:process_memory_win.cc(73)] ReadMemory at 0x7ffe496c0000 of 64 bytes failed: Only part of a ReadProcessMemory or WriteProcessMemory request was completed. (0x12B)
[0702/105158.686:WARNING:pe_image_reader.cc(340)] could not read dos header from C:\WINDOWS\SYSTEM32\PROPSYS.dll
[0702/105158.686:ERROR:process_memory_win.cc(73)] ReadMemory at 0x7ffe4e550000 of 64 bytes failed: Only part of a ReadProcessMemory or WriteProcessMemory request was completed. (0x12B)
[0702/105158.686:WARNING:pe_image_reader.cc(340)] could not read dos header from C:\WINDOWS\System32\shcore.dll
[0702/105158.686:ERROR:process_memory_win.cc(73)] ReadMemory at 0x7ffe4ba00000 of 64 bytes failed: Only part of a ReadProcessMemory or WriteProcessMemory request was completed. (0x12B)
[0702/105158.686:WARNING:pe_image_reader.cc(340)] could not read dos header from C:\WINDOWS\SYSTEM32\SSPICLI.DLL
[0702/105158.686:ERROR:process_memory_win.cc(73)] ReadMemory at 0x7ffe4b520000 of 64 bytes failed: Only part of a ReadProcessMemory or WriteProcessMemory request was completed. (0x12B)
[0702/105158.686:WARNING:pe_image_reader.cc(340)] could not read dos header from C:\WINDOWS\SYSTEM32\CRYPTBASE.DLL
[0702/105158.693:ERROR:process_memory_win.cc(73)] ReadMemory at 0xaa8758a000 of 852 bytes failed: Only part of a ReadProcessMemory or WriteProcessMemory request was completed. (0x12B)
[0702/105158.693:ERROR:process_memory_win.cc(73)] ReadMemory at 0x1eecc5e02c0 of 40 bytes failed: Only part of a ReadProcessMemory or WriteProcessMemory request was completed. (0x12B)
[0702/105158.693:ERROR:process_memory_win.cc(73)] ReadMemory at 0x1eecc5f02c0 of 40 bytes failed: Only part of a ReadProcessMemory or WriteProcessMemory request was completed. (0x12B)
[0702/105158.693:ERROR:process_memory_win.cc(73)] ReadMemory at 0x1eecc7002c0 of 40 bytes failed: Only part of a ReadProcessMemory or WriteProcessMemory request was completed. (0x12B)
[0702/105158.694:ERROR:process_memory_win.cc(73)] ReadMemory at 0x1eecc7007c0 of 48 bytes failed: Only part of a ReadProcessMemory or WriteProcessMemory request was completed. (0x12B)
[0702/105158.694:ERROR:process_memory_win.cc(73)] ReadMemory at 0x1eecc700fe0 of 19796 bytes failed: Only part of a ReadProcessMemory or WriteProcessMemory request was completed. (0x12B)
[0702/105158.694:ERROR:process_memory_win.cc(73)] ReadMemory at 0x1eecc705d40 of 1012 bytes failed: Only part of a ReadProcessMemory or WriteProcessMemory request was completed. (0x12B)
[0702/105158.694:ERROR:process_memory_win.cc(73)] ReadMemory at 0x1eecc706388 of 120 bytes failed: Only part of a ReadProcessMemory or WriteProcessMemory request was completed. (0x12B)
[0702/105158.694:ERROR:process_memory_win.cc(73)] ReadMemory at 0x1eecc706402 of 884 bytes failed: Only part of a ReadProcessMemory or WriteProcessMemory request was completed. (0x12B)
[0702/105158.694:ERROR:process_memory_win.cc(73)] ReadMemory at 0x1eecc706778 of 120 bytes failed: Only part of a ReadProcessMemory or WriteProcessMemory request was completed. (0x12B)
[0702/105158.694:ERROR:process_memory_win.cc(73)] ReadMemory at 0x1eecc7067f2 of 98 bytes failed: Only part of a ReadProcessMemory or WriteProcessMemory request was completed. (0x12B)
[0702/105158.694:ERROR:process_memory_win.cc(73)] ReadMemory at 0x1eecc706860 of 58 bytes failed: Only part of a ReadProcessMemory or WriteProcessMemory request was completed. (0x12B)
[0702/105158.694:ERROR:process_memory_win.cc(73)] ReadMemory at 0x1eecc706960 of 132 bytes failed: Only part of a ReadProcessMemory or WriteProcessMemory request was completed. (0x12B)
[0702/105158.694:ERROR:process_memory_win.cc(73)] ReadMemory at 0x1eecc706af0 of 132 bytes failed: Only part of a ReadProcessMemory or WriteProcessMemory request was completed. (0x12B)
[0702/105158.694:ERROR:process_memory_win.cc(73)] ReadMemory at 0x1eecc707090 of 132 bytes failed: Only part of a ReadProcessMemory or WriteProcessMemory request was completed. (0x12B)
[0702/105158.694:ERROR:process_memory_win.cc(73)] ReadMemory at 0x1eecc707220 of 64 bytes failed: Only part of a ReadProcessMemory or WriteProcessMemory request was completed. (0x12B)
[0702/105158.694:ERROR:process_memory_win.cc(73)] ReadMemory at 0x1eecc7073e0 of 132 bytes failed: Only part of a ReadProcessMemory or WriteProcessMemory request was completed. (0x12B)
[0702/105158.694:ERROR:process_memory_win.cc(73)] ReadMemory at 0x1eecc707680 of 132 bytes failed: Only part of a ReadProcessMemory or WriteProcessMemory request was completed. (0x12B)
[0702/105158.694:ERROR:process_memory_win.cc(73)] ReadMemory at 0x1eecc707810 of 68 bytes failed: Only part of a ReadProcessMemory or WriteProcessMemory request was completed. (0x12B)
[0702/105158.694:ERROR:process_memory_win.cc(73)] ReadMemory at 0x1eecc708840 of 152 bytes failed: Only part of a ReadProcessMemory or WriteProcessMemory request was completed. (0x12B)
[0702/105158.695:ERROR:process_memory_win.cc(73)] ReadMemory at 0x1eecc70b230 of 54 bytes failed: Only part of a ReadProcessMemory or WriteProcessMemory request was completed. (0x12B)
[0702/105158.695:ERROR:process_memory_win.cc(73)] ReadMemory at 0x1eecc70b590 of 132 bytes failed: Only part of a ReadProcessMemory or WriteProcessMemory request was completed. (0x12B)
[0702/105158.695:ERROR:process_memory_win.cc(73)] ReadMemory at 0x1eecc70b7d0 of 132 bytes failed: Only part of a ReadProcessMemory or WriteProcessMemory request was completed. (0x12B)
[0702/105158.695:ERROR:process_memory_win.cc(73)] ReadMemory at 0x1eecc70b960 of 80 bytes failed: Only part of a ReadProcessMemory or WriteProcessMemory request was completed. (0x12B)
[0702/105158.695:ERROR:process_memory_win.cc(73)] ReadMemory at 0x1eecc70b9c0 of 144 bytes failed: Only part of a ReadProcessMemory or WriteProcessMemory request was completed. (0x12B)
[0702/105158.695:ERROR:process_memory_win.cc(73)] ReadMemory at 0x1eecc70e010 of 132 bytes failed: Only part of a ReadProcessMemory or WriteProcessMemory request was completed. (0x12B)
[0702/105158.695:ERROR:process_memory_win.cc(73)] ReadMemory at 0x1eecc70e140 of 132 bytes failed: Only part of a ReadProcessMemory or WriteProcessMemory request was completed. (0x12B)
[0702/105158.695:ERROR:process_memory_win.cc(73)] ReadMemory at 0x1eecc70e270 of 132 bytes failed: Only part of a ReadProcessMemory or WriteProcessMemory request was completed. (0x12B)
[0702/105158.695:ERROR:process_memory_win.cc(73)] ReadMemory at 0x1eecc70e3a0 of 132 bytes failed: Only part of a ReadProcessMemory or WriteProcessMemory request was completed. (0x12B)
[0702/105158.695:ERROR:process_memory_win.cc(73)] ReadMemory at 0x1eecc70e4d0 of 132 bytes failed: Only part of a ReadProcessMemory or WriteProcessMemory request was completed. (0x12B)
[0702/105158.695:ERROR:process_memory_win.cc(73)] ReadMemory at 0x1eecc70e600 of 132 bytes failed: Only part of a ReadProcessMemory or WriteProcessMemory request was completed. (0x12B)
[0702/105158.695:ERROR:process_memory_win.cc(73)] ReadMemory at 0x1eecc70e730 of 132 bytes failed: Only part of a ReadProcessMemory or WriteProcessMemory request was completed. (0x12B)
[0702/105158.695:ERROR:process_memory_win.cc(73)] ReadMemory at 0x1eecc70e860 of 132 bytes failed: Only part of a ReadProcessMemory or WriteProcessMemory request was completed. (0x12B)
[0702/105158.695:ERROR:process_memory_win.cc(73)] ReadMemory at 0x1eecc70e990 of 132 bytes failed: Only part of a ReadProcessMemory or WriteProcessMemory request was completed. (0x12B)
[0702/105158.695:ERROR:process_memory_win.cc(73)] ReadMemory at 0x1eecc70eac0 of 132 bytes failed: Only part of a ReadProcessMemory or WriteProcessMemory request was completed. (0x12B)
[0702/105158.696:ERROR:process_memory_win.cc(73)] ReadMemory at 0x1eecc70ebf0 of 132 bytes failed: Only part of a ReadProcessMemory or WriteProcessMemory request was completed. (0x12B)
[0702/105158.696:ERROR:process_memory_win.cc(73)] ReadMemory at 0x1eecc70ed20 of 132 bytes failed: Only part of a ReadProcessMemory or WriteProcessMemory request was completed. (0x12B)
[0702/105158.696:ERROR:process_memory_win.cc(73)] ReadMemory at 0x1eecc711be0 of 132 bytes failed: Only part of a ReadProcessMemory or WriteProcessMemory request was completed. (0x12B)
[0702/105158.696:ERROR:process_memory_win.cc(73)] ReadMemory at 0x1eecc713bc0 of 60 bytes failed: Only part of a ReadProcessMemory or WriteProcessMemory request was completed. (0x12B)
[0702/105158.696:ERROR:process_memory_win.cc(73)] ReadMemory at 0x1eecc713cb0 of 64 bytes failed: Only part of a ReadProcessMemory or WriteProcessMemory request was completed. (0x12B)
[0702/105158.696:ERROR:process_memory_win.cc(73)] ReadMemory at 0x1eecc713d50 of 62 bytes failed: Only part of a ReadProcessMemory or WriteProcessMemory request was completed. (0x12B)
[0702/105158.696:ERROR:process_memory_win.cc(73)] ReadMemory at 0x1eecc713da0 of 62 bytes failed: Only part of a ReadProcessMemory or WriteProcessMemory request was completed. (0x12B)
[0702/105158.696:ERROR:process_memory_win.cc(73)] ReadMemory at 0x1eecc713df0 of 62 bytes failed: Only part of a ReadProcessMemory or WriteProcessMemory request was completed. (0x12B)
[0702/105158.696:ERROR:process_memory_win.cc(73)] ReadMemory at 0x1eecc713e40 of 64 bytes failed: Only part of a ReadProcessMemory or WriteProcessMemory request was completed. (0x12B)
[0702/105158.696:ERROR:process_memory_win.cc(73)] ReadMemory at 0x1eecc713e90 of 60 bytes failed: Only part of a ReadProcessMemory or WriteProcessMemory request was completed. (0x12B)
[0702/105158.696:ERROR:process_memory_win.cc(73)] ReadMemory at 0x1eecc713fd0 of 64 bytes failed: Only part of a ReadProcessMemory or WriteProcessMemory request was completed. (0x12B)
[0702/105158.696:ERROR:process_memory_win.cc(73)] ReadMemory at 0x1eecc714160 of 60 bytes failed: Only part of a ReadProcessMemory or WriteProcessMemory request was completed. (0x12B)
[0702/105158.696:ERROR:process_memory_win.cc(73)] ReadMemory at 0x1eecc7143e0 of 62 bytes failed: Only part of a ReadProcessMemory or WriteProcessMemory request was completed. (0x12B)
[0702/105158.696:ERROR:process_memory_win.cc(73)] ReadMemory at 0x1eecc714430 of 64 bytes failed: Only part of a ReadProcessMemory or WriteProcessMemory request was completed. (0x12B)
[0702/105158.696:ERROR:process_memory_win.cc(73)] ReadMemory at 0x1eecc7144d0 of 66 bytes failed: Only part of a ReadProcessMemory or WriteProcessMemory request was completed. (0x12B)
[0702/105158.696:ERROR:process_memory_win.cc(73)] ReadMemory at 0x1eecc714610 of 62 bytes failed: Only part of a ReadProcessMemory or WriteProcessMemory request was completed. (0x12B)
[0702/105158.696:ERROR:process_memory_win.cc(73)] ReadMemory at 0x1eecc714660 of 62 bytes failed: Only part of a ReadProcessMemory or WriteProcessMemory request was completed. (0x12B)
[0702/105158.696:ERROR:process_memory_win.cc(73)] ReadMemory at 0x1eecc7146b0 of 60 bytes failed: Only part of a ReadProcessMemory or WriteProcessMemory request was completed. (0x12B)
[0702/105158.697:ERROR:process_memory_win.cc(73)] ReadMemory at 0x1eecc714890 of 64 bytes failed: Only part of a ReadProcessMemory or WriteProcessMemory request was completed. (0x12B)
[0702/105158.697:ERROR:process_memory_win.cc(73)] ReadMemory at 0x1eecc7148e0 of 58 bytes failed: Only part of a ReadProcessMemory or WriteProcessMemory request was completed. (0x12B)
[0702/105158.697:ERROR:process_memory_win.cc(73)] ReadMemory at 0x1eecc714930 of 62 bytes failed: Only part of a ReadProcessMemory or WriteProcessMemory request was completed. (0x12B)
[0702/105158.697:ERROR:process_memory_win.cc(73)] ReadMemory at 0x1eecc714980 of 62 bytes failed: Only part of a ReadProcessMemory or WriteProcessMemory request was completed. (0x12B)
[0702/105158.697:ERROR:process_memory_win.cc(73)] ReadMemory at 0x1eecc714ac0 of 62 bytes failed: Only part of a ReadProcessMemory or WriteProcessMemory request was completed. (0x12B)
[0702/105158.697:ERROR:process_memory_win.cc(73)] ReadMemory at 0x1eecc715420 of 132 bytes failed: Only part of a ReadProcessMemory or WriteProcessMemory request was completed. (0x12B)
[0702/105158.697:ERROR:process_memory_win.cc(73)] ReadMemory at 0x1eecc715550 of 132 bytes failed: Only part of a ReadProcessMemory or WriteProcessMemory request was completed. (0x12B)
[0702/105158.697:ERROR:process_memory_win.cc(73)] ReadMemory at 0x1eecc715bf0 of 132 bytes failed: Only part of a ReadProcessMemory or WriteProcessMemory request was completed. (0x12B)
[0702/105158.697:ERROR:process_memory_win.cc(73)] ReadMemory at 0x1eecc717610 of 132 bytes failed: Only part of a ReadProcessMemory or WriteProcessMemory request was completed. (0x12B)
[0702/105158.697:ERROR:process_memory_win.cc(73)] ReadMemory at 0x1eecc717740 of 132 bytes failed: Only part of a ReadProcessMemory or WriteProcessMemory request was completed. (0x12B)
[0702/105158.697:ERROR:process_memory_win.cc(73)] ReadMemory at 0x1eecc717870 of 132 bytes failed: Only part of a ReadProcessMemory or WriteProcessMemory request was completed. (0x12B)
[0702/105158.697:ERROR:process_memory_win.cc(73)] ReadMemory at 0x1eecc717a90 of 60 bytes failed: Only part of a ReadProcessMemory or WriteProcessMemory request was completed. (0x12B)
[0702/105158.697:ERROR:process_memory_win.cc(73)] ReadMemory at 0x1eecc717bd0 of 60 bytes failed: Only part of a ReadProcessMemory or WriteProcessMemory request was completed. (0x12B)
[0702/105158.697:ERROR:process_memory_win.cc(73)] ReadMemory at 0x1eecc717e50 of 60 bytes failed: Only part of a ReadProcessMemory or WriteProcessMemory request was completed. (0x12B)
[0702/105158.697:ERROR:process_memory_win.cc(73)] ReadMemory at 0x1eecc717ea0 of 64 bytes failed: Only part of a ReadProcessMemory or WriteProcessMemory request was completed. (0x12B)
[0702/105158.697:ERROR:process_memory_win.cc(73)] ReadMemory at 0x1eecc717ef0 of 64 bytes failed: Only part of a ReadProcessMemory or WriteProcessMemory request was completed. (0x12B)
[0702/105158.697:ERROR:process_memory_win.cc(73)] ReadMemory at 0x1eecc718120 of 66 bytes failed: Only part of a ReadProcessMemory or WriteProcessMemory request was completed. (0x12B)
[0702/105158.697:ERROR:process_memory_win.cc(73)] ReadMemory at 0x1eecc718170 of 64 bytes failed: Only part of a ReadProcessMemory or WriteProcessMemory request was completed. (0x12B)
[0702/105158.698:ERROR:process_memory_win.cc(73)] ReadMemory at 0x1eecc7181c0 of 62 bytes failed: Only part of a ReadProcessMemory or WriteProcessMemory request was completed. (0x12B)
[0702/105158.698:ERROR:process_memory_win.cc(73)] ReadMemory at 0x1eecc718880 of 132 bytes failed: Only part of a ReadProcessMemory or WriteProcessMemory request was completed. (0x12B)
[0702/105158.698:ERROR:process_memory_win.cc(73)] ReadMemory at 0x1eecc7189b0 of 132 bytes failed: Only part of a ReadProcessMemory or WriteProcessMemory request was completed. (0x12B)
[0702/105158.698:ERROR:process_memory_win.cc(73)] ReadMemory at 0x1eecc718c90 of 132 bytes failed: Only part of a ReadProcessMemory or WriteProcessMemory request was completed. (0x12B)
[0702/105158.698:ERROR:process_memory_win.cc(73)] ReadMemory at 0x1eecc71c310 of 80 bytes failed: Only part of a ReadProcessMemory or WriteProcessMemory request was completed. (0x12B)
[0702/105158.698:ERROR:process_memory_win.cc(73)] ReadMemory at 0x1eecc71c610 of 76 bytes failed: Only part of a ReadProcessMemory or WriteProcessMemory request was completed. (0x12B)
[0702/105158.698:ERROR:process_memory_win.cc(73)] ReadMemory at 0x1eecc71d570 of 132 bytes failed: Only part of a ReadProcessMemory or WriteProcessMemory request was completed. (0x12B)
[0702/105158.698:ERROR:process_memory_win.cc(73)] ReadMemory at 0x1eecc71d6a0 of 132 bytes failed: Only part of a ReadProcessMemory or WriteProcessMemory request was completed. (0x12B)
[0702/105158.698:ERROR:process_memory_win.cc(73)] ReadMemory at 0x1eecc71da30 of 132 bytes failed: Only part of a ReadProcessMemory or WriteProcessMemory request was completed. (0x12B)
[0702/105158.698:ERROR:process_memory_win.cc(73)] ReadMemory at 0x1eecc71db60 of 132 bytes failed: Only part of a ReadProcessMemory or WriteProcessMemory request was completed. (0x12B)
[0702/105158.698:ERROR:process_memory_win.cc(73)] ReadMemory at 0x1eecc71e150 of 132 bytes failed: Only part of a ReadProcessMemory or WriteProcessMemory request was completed. (0x12B)
[0702/105158.698:ERROR:process_memory_win.cc(73)] ReadMemory at 0x1eecc71ead0 of 132 bytes failed: Only part of a ReadProcessMemory or WriteProcessMemory request was completed. (0x12B)
[0702/105158.698:ERROR:process_memory_win.cc(73)] ReadMemory at 0x1eecc71ef90 of 132 bytes failed: Only part of a ReadProcessMemory or WriteProcessMemory request was completed. (0x12B)
[0702/105158.698:ERROR:process_memory_win.cc(73)] ReadMemory at 0x1eecc71f0c0 of 132 bytes failed: Only part of a ReadProcessMemory or WriteProcessMemory request was completed. (0x12B)
[0702/105158.698:ERROR:process_memory_win.cc(73)] ReadMemory at 0x1eecc71f1f0 of 132 bytes failed: Only part of a ReadProcessMemory or WriteProcessMemory request was completed. (0x12B)
[0702/105158.699:ERROR:process_memory_win.cc(73)] ReadMemory at 0x1eecc71fcb0 of 124 bytes failed: Only part of a ReadProcessMemory or WriteProcessMemory request was completed. (0x12B)
[0702/105158.699:ERROR:process_memory_win.cc(73)] ReadMemory at 0x1eecc729180 of 48 bytes failed: Only part of a ReadProcessMemory or WriteProcessMemory request was completed. (0x12B)
[0702/105158.699:ERROR:process_memory_win.cc(73)] ReadMemory at 0x1eecc729380 of 48 bytes failed: Only part of a ReadProcessMemory or WriteProcessMemory request was completed. (0x12B)
[0702/105158.699:ERROR:process_memory_win.cc(73)] ReadMemory at 0x1eecc7296c0 of 48 bytes failed: Only part of a ReadProcessMemory or WriteProcessMemory request was completed. (0x12B)
[0702/105158.699:ERROR:process_memory_win.cc(73)] ReadMemory at 0x1eecc729d50 of 40 bytes failed: Only part of a ReadProcessMemory or WriteProcessMemory request was completed. (0x12B)
[0702/105158.699:ERROR:process_memory_win.cc(73)] ReadMemory at 0x1eecc7368d0 of 40 bytes failed: Only part of a ReadProcessMemory or WriteProcessMemory request was completed. (0x12B)
[0702/105158.699:ERROR:process_memory_win.cc(73)] ReadMemory at 0x1eecc9d02c0 of 40 bytes failed: Only part of a ReadProcessMemory or WriteProcessMemory request was completed. (0x12B)
[0702/105158.699:ERROR:process_memory_win.cc(73)] ReadMemory at 0x1eecc9f02c0 of 40 bytes failed: Only part of a ReadProcessMemory or WriteProcessMemory request was completed. (0x12B)
[0702/105158.699:ERROR:process_memory_win.cc(73)] ReadMemory at 0x1eeccb302c0 of 40 bytes failed: Only part of a ReadProcessMemory or WriteProcessMemory request was completed. (0x12B)
[0702/105158.699:ERROR:process_memory_win.cc(73)] ReadMemory at 0x1eeccfa02c0 of 40 bytes failed: Only part of a ReadProcessMemory or WriteProcessMemory request was completed. (0x12B)
[0702/105158.699:ERROR:process_memory_win.cc(73)] ReadMemory at 0x1eecd0102c0 of 40 bytes failed: Only part of a ReadProcessMemory or WriteProcessMemory request was completed. (0x12B)
[0702/105158.699:ERROR:process_memory_win.cc(73)] ReadMemory at 0x7ffe0d782f40 of 40 bytes failed: Only part of a ReadProcessMemory or WriteProcessMemory request was completed. (0x12B)
[0702/105158.699:ERROR:process_memory_win.cc(73)] ReadMemory at 0x7ffe4ba28cb0 of 40 bytes failed: Only part of a ReadProcessMemory or WriteProcessMemory request was completed. (0x12B)
[0702/105158.699:ERROR:process_memory_win.cc(73)] ReadMemory at 0x7ffe4ed4c428 of 18 bytes failed: Only part of a ReadProcessMemory or WriteProcessMemory request was completed. (0x12B)
[0702/105158.699:ERROR:process_memory_win.cc(73)] ReadMemory at 0x7ffe4ed7f4f8 of 40 bytes failed: Only part of a ReadProcessMemory or WriteProcessMemory request was completed. (0x12B)
[0702/105158.699:ERROR:process_memory_win.cc(73)] ReadMemory at 0x7ffe4ed7f560 of 48 bytes failed: Only part of a ReadProcessMemory or WriteProcessMemory request was completed. (0x12B)
[0702/105158.699:ERROR:process_memory_win.cc(73)] ReadMemory at 0x7ffe4ed7f978 of 48 bytes failed: Only part of a ReadProcessMemory or WriteProcessMemory request was completed. (0x12B)
[0702/105158.699:ERROR:process_memory_win.cc(73)] ReadMemory at 0x7ffe4ed83be0 of 40 bytes failed: Only part of a ReadProcessMemory or WriteProcessMemory request was completed. (0x12B)
[0702/105158.700:ERROR:process_memory_win.cc(73)] ReadMemory at 0x7ffe4ed83d40 of 384 bytes failed: Only part of a ReadProcessMemory or WriteProcessMemory request was completed. (0x12B)
[0702/105158.700:ERROR:process_memory_win.cc(73)] ReadMemory at 0x7ffe4ed853c0 of 64 bytes failed: Only part of a ReadProcessMemory or WriteProcessMemory request was completed. (0x12B)
[0702/105158.701:ERROR:scoped_process_suspend.cc(40)] NtResumeProcess: An attempt was made to access an exiting process. (0xc000010a)
